{"/home/djabir-houaria/Desktop/Voting_system/Voting-system_front/backend/src/app.js": {"path":"/home/djabir-houaria/Desktop/Voting_system/Voting-system_front/backend/src/app.js","statementMap":{"0":{"start":{"line":1,"column":16},"end":{"line":1,"column":34}},"1":{"start":{"line":2,"column":13},"end":{"line":2,"column":28}},"2":{"start":{"line":3,"column":15},"end":{"line":3,"column":32}},"3":{"start":{"line":4,"column":15},"end":{"line":4,"column":32}},"4":{"start":{"line":7,"column":19},"end":{"line":7,"column":49}},"5":{"start":{"line":8,"column":19},"end":{"line":8,"column":49}},"6":{"start":{"line":10,"column":12},"end":{"line":10,"column":21}},"7":{"start":{"line":13,"column":20},"end":{"line":17,"column":1}},"8":{"start":{"line":19,"column":0},"end":{"line":19,"column":27}},"9":{"start":{"line":20,"column":0},"end":{"line":20,"column":24}},"10":{"start":{"line":21,"column":0},"end":{"line":21,"column":18}},"11":{"start":{"line":22,"column":0},"end":{"line":22,"column":23}},"12":{"start":{"line":25,"column":0},"end":{"line":25,"column":33}},"13":{"start":{"line":26,"column":0},"end":{"line":26,"column":34}},"14":{"start":{"line":28,"column":0},"end":{"line":30,"column":3}},"15":{"start":{"line":29,"column":4},"end":{"line":29,"column":46}},"16":{"start":{"line":32,"column":0},"end":{"line":32,"column":21}}},"fnMap":{"0":{"name":"(anonymous_0)","decl":{"start":{"line":28,"column":13},"end":{"line":28,"column":14}},"loc":{"start":{"line":28,"column":27},"end":{"line":30,"column":1}},"line":28}},"branchMap":{},"s":{"0":1,"1":1,"2":1,"3":1,"4":1,"5":1,"6":1,"7":1,"8":1,"9":1,"10":1,"11":1,"12":1,"13":1,"14":1,"15":0,"16":1},"f":{"0":0},"b":{},"_coverageSchema":"1a1c01bbd47fc00a2c39e90264f33305004495a9","hash":"e05bab1fd73332aa7b44fd0da39e50bf36cbf17c"}
,"/home/djabir-houaria/Desktop/Voting_system/Voting-system_front/backend/src/config/db.js": {"path":"/home/djabir-houaria/Desktop/Voting_system/Voting-system_front/backend/src/config/db.js","statementMap":{"0":{"start":{"line":1,"column":25},"end":{"line":1,"column":57}},"1":{"start":{"line":2,"column":0},"end":{"line":2,"column":27}},"2":{"start":{"line":4,"column":20},"end":{"line":4,"column":44}},"3":{"start":{"line":5,"column":20},"end":{"line":5,"column":44}},"4":{"start":{"line":7,"column":17},"end":{"line":7,"column":55}},"5":{"start":{"line":9,"column":0},"end":{"line":9,"column":49}},"6":{"start":{"line":11,"column":0},"end":{"line":11,"column":26}}},"fnMap":{},"branchMap":{},"s":{"0":1,"1":1,"2":1,"3":1,"4":1,"5":1,"6":1},"f":{},"b":{},"_coverageSchema":"1a1c01bbd47fc00a2c39e90264f33305004495a9","hash":"d26bb89f80e6f43fda33ed5cc03bdc1bb7b4a347"}
,"/home/djabir-houaria/Desktop/Voting_system/Voting-system_front/backend/src/controllers/authController.js": {"path":"/home/djabir-houaria/Desktop/Voting_system/Voting-system_front/backend/src/controllers/authController.js","statementMap":{"0":{"start":{"line":1,"column":15},"end":{"line":1,"column":34}},"1":{"start":{"line":2,"column":15},"end":{"line":2,"column":32}},"2":{"start":{"line":3,"column":18},"end":{"line":3,"column":48}},"3":{"start":{"line":4,"column":22},"end":{"line":4,"column":54}},"4":{"start":{"line":5,"column":18},"end":{"line":5,"column":50}},"5":{"start":{"line":8,"column":17},"end":{"line":31,"column":1}},"6":{"start":{"line":9,"column":4},"end":{"line":30,"column":5}},"7":{"start":{"line":10,"column":48},"end":{"line":10,"column":56}},"8":{"start":{"line":11,"column":8},"end":{"line":13,"column":9}},"9":{"start":{"line":12,"column":12},"end":{"line":12,"column":79}},"10":{"start":{"line":14,"column":27},"end":{"line":14,"column":65}},"11":{"start":{"line":15,"column":8},"end":{"line":17,"column":9}},"12":{"start":{"line":16,"column":12},"end":{"line":16,"column":76}},"13":{"start":{"line":18,"column":21},"end":{"line":18,"column":45}},"14":{"start":{"line":19,"column":29},"end":{"line":19,"column":62}},"15":{"start":{"line":22,"column":26},"end":{"line":22,"column":62}},"16":{"start":{"line":23,"column":24},"end":{"line":23,"column":88}},"17":{"start":{"line":25,"column":22},"end":{"line":25,"column":61}},"18":{"start":{"line":26,"column":8},"end":{"line":26,"column":55}},"19":{"start":{"line":28,"column":8},"end":{"line":28,"column":27}},"20":{"start":{"line":29,"column":8},"end":{"line":29,"column":58}},"21":{"start":{"line":34,"column":14},"end":{"line":51,"column":1}},"22":{"start":{"line":35,"column":4},"end":{"line":50,"column":5}},"23":{"start":{"line":36,"column":36},"end":{"line":36,"column":44}},"24":{"start":{"line":37,"column":21},"end":{"line":37,"column":59}},"25":{"start":{"line":38,"column":8},"end":{"line":40,"column":9}},"26":{"start":{"line":39,"column":12},"end":{"line":39,"column":75}},"27":{"start":{"line":41,"column":24},"end":{"line":41,"column":74}},"28":{"start":{"line":42,"column":8},"end":{"line":44,"column":9}},"29":{"start":{"line":43,"column":12},"end":{"line":43,"column":75}},"30":{"start":{"line":45,"column":22},"end":{"line":45,"column":55}},"31":{"start":{"line":46,"column":8},"end":{"line":46,"column":104}},"32":{"start":{"line":48,"column":8},"end":{"line":48,"column":27}},"33":{"start":{"line":49,"column":8},"end":{"line":49,"column":58}},"34":{"start":{"line":54,"column":15},"end":{"line":65,"column":1}},"35":{"start":{"line":55,"column":4},"end":{"line":64,"column":5}},"36":{"start":{"line":56,"column":22},"end":{"line":56,"column":31}},"37":{"start":{"line":57,"column":8},"end":{"line":57,"column":79}},"38":{"start":{"line":57,"column":20},"end":{"line":57,"column":79}},"39":{"start":{"line":59,"column":8},"end":{"line":59,"column":46}},"40":{"start":{"line":60,"column":8},"end":{"line":60,"column":69}},"41":{"start":{"line":62,"column":8},"end":{"line":62,"column":27}},"42":{"start":{"line":63,"column":8},"end":{"line":63,"column":58}},"43":{"start":{"line":68,"column":23},"end":{"line":106,"column":1}},"44":{"start":{"line":69,"column":4},"end":{"line":105,"column":5}},"45":{"start":{"line":70,"column":26},"end":{"line":70,"column":34}},"46":{"start":{"line":73,"column":21},"end":{"line":73,"column":59}},"47":{"start":{"line":74,"column":8},"end":{"line":74,"column":78}},"48":{"start":{"line":74,"column":19},"end":{"line":74,"column":78}},"49":{"start":{"line":77,"column":27},"end":{"line":77,"column":65}},"50":{"start":{"line":78,"column":8},"end":{"line":78,"column":60}},"51":{"start":{"line":82,"column":26},"end":{"line":82,"column":78}},"52":{"start":{"line":84,"column":29},"end":{"line":84,"column":53}},"53":{"start":{"line":85,"column":26},"end":{"line":94,"column":9}},"54":{"start":{"line":97,"column":8},"end":{"line":97,"column":56}},"55":{"start":{"line":99,"column":8},"end":{"line":99,"column":48}},"56":{"start":{"line":100,"column":8},"end":{"line":100,"column":72}},"57":{"start":{"line":103,"column":8},"end":{"line":103,"column":57}},"58":{"start":{"line":104,"column":8},"end":{"line":104,"column":58}},"59":{"start":{"line":109,"column":22},"end":{"line":124,"column":1}},"60":{"start":{"line":110,"column":4},"end":{"line":123,"column":5}},"61":{"start":{"line":111,"column":39},"end":{"line":111,"column":47}},"62":{"start":{"line":112,"column":28},"end":{"line":112,"column":65}},"63":{"start":{"line":113,"column":8},"end":{"line":113,"column":92}},"64":{"start":{"line":113,"column":26},"end":{"line":113,"column":92}},"65":{"start":{"line":115,"column":21},"end":{"line":115,"column":45}},"66":{"start":{"line":116,"column":29},"end":{"line":116,"column":65}},"67":{"start":{"line":117,"column":8},"end":{"line":117,"column":78}},"68":{"start":{"line":119,"column":8},"end":{"line":119,"column":63}},"69":{"start":{"line":121,"column":8},"end":{"line":121,"column":27}},"70":{"start":{"line":122,"column":8},"end":{"line":122,"column":58}},"71":{"start":{"line":127,"column":0},"end":{"line":133,"column":2}}},"fnMap":{"0":{"name":"(anonymous_0)","decl":{"start":{"line":8,"column":17},"end":{"line":8,"column":18}},"loc":{"start":{"line":8,"column":37},"end":{"line":31,"column":1}},"line":8},"1":{"name":"(anonymous_1)","decl":{"start":{"line":34,"column":14},"end":{"line":34,"column":15}},"loc":{"start":{"line":34,"column":34},"end":{"line":51,"column":1}},"line":34},"2":{"name":"(anonymous_2)","decl":{"start":{"line":54,"column":15},"end":{"line":54,"column":16}},"loc":{"start":{"line":54,"column":35},"end":{"line":65,"column":1}},"line":54},"3":{"name":"(anonymous_3)","decl":{"start":{"line":68,"column":23},"end":{"line":68,"column":24}},"loc":{"start":{"line":68,"column":43},"end":{"line":106,"column":1}},"line":68},"4":{"name":"(anonymous_4)","decl":{"start":{"line":109,"column":22},"end":{"line":109,"column":23}},"loc":{"start":{"line":109,"column":42},"end":{"line":124,"column":1}},"line":109}},"branchMap":{"0":{"loc":{"start":{"line":11,"column":8},"end":{"line":13,"column":9}},"type":"if","locations":[{"start":{"line":11,"column":8},"end":{"line":13,"column":9}},{"start":{},"end":{}}],"line":11},"1":{"loc":{"start":{"line":11,"column":12},"end":{"line":11,"column":40}},"type":"binary-expr","locations":[{"start":{"line":11,"column":12},"end":{"line":11,"column":17}},{"start":{"line":11,"column":21},"end":{"line":11,"column":27}},{"start":{"line":11,"column":31},"end":{"line":11,"column":40}}],"line":11},"2":{"loc":{"start":{"line":15,"column":8},"end":{"line":17,"column":9}},"type":"if","locations":[{"start":{"line":15,"column":8},"end":{"line":17,"column":9}},{"start":{},"end":{}}],"line":15},"3":{"loc":{"start":{"line":22,"column":26},"end":{"line":22,"column":62}},"type":"cond-expr","locations":[{"start":{"line":22,"column":45},"end":{"line":22,"column":52}},{"start":{"line":22,"column":55},"end":{"line":22,"column":62}}],"line":22},"4":{"loc":{"start":{"line":38,"column":8},"end":{"line":40,"column":9}},"type":"if","locations":[{"start":{"line":38,"column":8},"end":{"line":40,"column":9}},{"start":{},"end":{}}],"line":38},"5":{"loc":{"start":{"line":42,"column":8},"end":{"line":44,"column":9}},"type":"if","locations":[{"start":{"line":42,"column":8},"end":{"line":44,"column":9}},{"start":{},"end":{}}],"line":42},"6":{"loc":{"start":{"line":57,"column":8},"end":{"line":57,"column":79}},"type":"if","locations":[{"start":{"line":57,"column":8},"end":{"line":57,"column":79}},{"start":{},"end":{}}],"line":57},"7":{"loc":{"start":{"line":74,"column":8},"end":{"line":74,"column":78}},"type":"if","locations":[{"start":{"line":74,"column":8},"end":{"line":74,"column":78}},{"start":{},"end":{}}],"line":74},"8":{"loc":{"start":{"line":113,"column":8},"end":{"line":113,"column":92}},"type":"if","locations":[{"start":{"line":113,"column":8},"end":{"line":113,"column":92}},{"start":{},"end":{}}],"line":113}},"s":{"0":1,"1":1,"2":1,"3":1,"4":1,"5":1,"6":1,"7":1,"8":1,"9":0,"10":1,"11":1,"12":0,"13":1,"14":1,"15":1,"16":1,"17":1,"18":1,"19":0,"20":0,"21":1,"22":0,"23":0,"24":0,"25":0,"26":0,"27":0,"28":0,"29":0,"30":0,"31":0,"32":0,"33":0,"34":1,"35":0,"36":0,"37":0,"38":0,"39":0,"40":0,"41":0,"42":0,"43":1,"44":0,"45":0,"46":0,"47":0,"48":0,"49":0,"50":0,"51":0,"52":0,"53":0,"54":0,"55":0,"56":0,"57":0,"58":0,"59":1,"60":0,"61":0,"62":0,"63":0,"64":0,"65":0,"66":0,"67":0,"68":0,"69":0,"70":0,"71":1},"f":{"0":1,"1":0,"2":0,"3":0,"4":0},"b":{"0":[0,1],"1":[1,1,1],"2":[0,1],"3":[1,0],"4":[0,0],"5":[0,0],"6":[0,0],"7":[0,0],"8":[0,0]},"_coverageSchema":"1a1c01bbd47fc00a2c39e90264f33305004495a9","hash":"57eeec04c30f2443cd8eafdb2f179fed1c8c3c84"}
,"/home/djabir-houaria/Desktop/Voting_system/Voting-system_front/backend/src/controllers/pollController.js": {"path":"/home/djabir-houaria/Desktop/Voting_system/Voting-system_front/backend/src/controllers/pollController.js","statementMap":{"0":{"start":{"line":1,"column":18},"end":{"line":1,"column":48}},"1":{"start":{"line":2,"column":18},"end":{"line":2,"column":48}},"2":{"start":{"line":3,"column":18},"end":{"line":3,"column":48}},"3":{"start":{"line":4,"column":18},"end":{"line":4,"column":39}},"4":{"start":{"line":5,"column":15},"end":{"line":5,"column":32}},"5":{"start":{"line":8,"column":25},"end":{"line":8,"column":59}},"6":{"start":{"line":13,"column":19},"end":{"line":107,"column":1}},"7":{"start":{"line":14,"column":4},"end":{"line":106,"column":5}},"8":{"start":{"line":25,"column":12},"end":{"line":25,"column":20}},"9":{"start":{"line":27,"column":26},"end":{"line":27,"column":37}},"10":{"start":{"line":30,"column":8},"end":{"line":32,"column":9}},"11":{"start":{"line":31,"column":12},"end":{"line":31,"column":74}},"12":{"start":{"line":33,"column":8},"end":{"line":35,"column":9}},"13":{"start":{"line":34,"column":12},"end":{"line":34,"column":90}},"14":{"start":{"line":37,"column":25},"end":{"line":37,"column":57}},"15":{"start":{"line":38,"column":8},"end":{"line":46,"column":9}},"16":{"start":{"line":39,"column":12},"end":{"line":45,"column":13}},"17":{"start":{"line":40,"column":16},"end":{"line":40,"column":54}},"18":{"start":{"line":42,"column":16},"end":{"line":44,"column":19}},"19":{"start":{"line":49,"column":27},"end":{"line":49,"column":84}},"20":{"start":{"line":51,"column":35},"end":{"line":54,"column":9}},"21":{"start":{"line":56,"column":28},"end":{"line":70,"column":9}},"22":{"start":{"line":73,"column":28},"end":{"line":73,"column":67}},"23":{"start":{"line":76,"column":28},"end":{"line":80,"column":11}},"24":{"start":{"line":76,"column":57},"end":{"line":80,"column":9}},"25":{"start":{"line":81,"column":8},"end":{"line":81,"column":52}},"26":{"start":{"line":83,"column":8},"end":{"line":92,"column":9}},"27":{"start":{"line":84,"column":33},"end":{"line":84,"column":35}},"28":{"start":{"line":85,"column":12},"end":{"line":88,"column":13}},"29":{"start":{"line":86,"column":29},"end":{"line":86,"column":67}},"30":{"start":{"line":87,"column":16},"end":{"line":87,"column":53}},"31":{"start":{"line":87,"column":26},"end":{"line":87,"column":53}},"32":{"start":{"line":89,"column":12},"end":{"line":91,"column":13}},"33":{"start":{"line":90,"column":16},"end":{"line":90,"column":79}},"34":{"start":{"line":94,"column":8},"end":{"line":101,"column":11}},"35":{"start":{"line":104,"column":8},"end":{"line":104,"column":49}},"36":{"start":{"line":105,"column":8},"end":{"line":105,"column":72}},"37":{"start":{"line":112,"column":16},"end":{"line":168,"column":1}},"38":{"start":{"line":113,"column":4},"end":{"line":167,"column":5}},"39":{"start":{"line":114,"column":23},"end":{"line":114,"column":33}},"40":{"start":{"line":116,"column":21},"end":{"line":116,"column":52}},"41":{"start":{"line":117,"column":8},"end":{"line":117,"column":78}},"42":{"start":{"line":117,"column":19},"end":{"line":117,"column":78}},"43":{"start":{"line":119,"column":23},"end":{"line":119,"column":52}},"44":{"start":{"line":120,"column":26},"end":{"line":120,"column":52}},"45":{"start":{"line":122,"column":24},"end":{"line":122,"column":68}},"46":{"start":{"line":123,"column":8},"end":{"line":130,"column":9}},"47":{"start":{"line":124,"column":12},"end":{"line":124,"column":99}},"48":{"start":{"line":124,"column":25},"end":{"line":124,"column":99}},"49":{"start":{"line":126,"column":12},"end":{"line":129,"column":13}},"50":{"start":{"line":127,"column":34},"end":{"line":127,"column":80}},"51":{"start":{"line":128,"column":16},"end":{"line":128,"column":91}},"52":{"start":{"line":128,"column":32},"end":{"line":128,"column":91}},"53":{"start":{"line":132,"column":23},"end":{"line":132,"column":28}},"54":{"start":{"line":133,"column":8},"end":{"line":139,"column":9}},"55":{"start":{"line":134,"column":12},"end":{"line":134,"column":69}},"56":{"start":{"line":136,"column":29},"end":{"line":136,"column":55}},"57":{"start":{"line":137,"column":27},"end":{"line":137,"column":98}},"58":{"start":{"line":138,"column":12},"end":{"line":138,"column":67}},"59":{"start":{"line":141,"column":26},"end":{"line":141,"column":31}},"60":{"start":{"line":142,"column":8},"end":{"line":150,"column":9}},"61":{"start":{"line":143,"column":12},"end":{"line":143,"column":31}},"62":{"start":{"line":144,"column":15},"end":{"line":150,"column":9}},"63":{"start":{"line":145,"column":12},"end":{"line":145,"column":31}},"64":{"start":{"line":146,"column":15},"end":{"line":150,"column":9}},"65":{"start":{"line":147,"column":12},"end":{"line":147,"column":32}},"66":{"start":{"line":148,"column":15},"end":{"line":150,"column":9}},"67":{"start":{"line":149,"column":12},"end":{"line":149,"column":35}},"68":{"start":{"line":152,"column":8},"end":{"line":157,"column":9}},"69":{"start":{"line":153,"column":12},"end":{"line":156,"column":15}},"70":{"start":{"line":154,"column":60},"end":{"line":154,"column":63}},"71":{"start":{"line":155,"column":16},"end":{"line":155,"column":34}},"72":{"start":{"line":159,"column":8},"end":{"line":162,"column":11}},"73":{"start":{"line":165,"column":8},"end":{"line":165,"column":46}},"74":{"start":{"line":166,"column":8},"end":{"line":166,"column":58}},"75":{"start":{"line":173,"column":21},"end":{"line":189,"column":1}},"76":{"start":{"line":174,"column":4},"end":{"line":188,"column":5}},"77":{"start":{"line":175,"column":23},"end":{"line":175,"column":34}},"78":{"start":{"line":176,"column":27},"end":{"line":176,"column":36}},"79":{"start":{"line":178,"column":22},"end":{"line":178,"column":66}},"80":{"start":{"line":180,"column":8},"end":{"line":183,"column":11}},"81":{"start":{"line":186,"column":8},"end":{"line":186,"column":47}},"82":{"start":{"line":187,"column":8},"end":{"line":187,"column":77}},"83":{"start":{"line":194,"column":17},"end":{"line":245,"column":1}},"84":{"start":{"line":195,"column":4},"end":{"line":244,"column":5}},"85":{"start":{"line":196,"column":23},"end":{"line":196,"column":33}},"86":{"start":{"line":198,"column":84},"end":{"line":198,"column":92}},"87":{"start":{"line":199,"column":23},"end":{"line":199,"column":34}},"88":{"start":{"line":201,"column":21},"end":{"line":201,"column":52}},"89":{"start":{"line":202,"column":8},"end":{"line":202,"column":78}},"90":{"start":{"line":202,"column":19},"end":{"line":202,"column":78}},"91":{"start":{"line":204,"column":8},"end":{"line":206,"column":9}},"92":{"start":{"line":205,"column":12},"end":{"line":205,"column":98}},"93":{"start":{"line":208,"column":8},"end":{"line":210,"column":9}},"94":{"start":{"line":209,"column":12},"end":{"line":209,"column":83}},"95":{"start":{"line":212,"column":29},"end":{"line":212,"column":54}},"96":{"start":{"line":213,"column":30},"end":{"line":213,"column":78}},"97":{"start":{"line":215,"column":29},"end":{"line":219,"column":9}},"98":{"start":{"line":221,"column":27},"end":{"line":221,"column":29}},"99":{"start":{"line":222,"column":8},"end":{"line":222,"column":44}},"100":{"start":{"line":222,"column":19},"end":{"line":222,"column":44}},"101":{"start":{"line":223,"column":8},"end":{"line":223,"column":62}},"102":{"start":{"line":223,"column":25},"end":{"line":223,"column":62}},"103":{"start":{"line":224,"column":8},"end":{"line":224,"column":49}},"104":{"start":{"line":227,"column":8},"end":{"line":227,"column":57}},"105":{"start":{"line":227,"column":23},"end":{"line":227,"column":57}},"106":{"start":{"line":228,"column":8},"end":{"line":228,"column":51}},"107":{"start":{"line":228,"column":21},"end":{"line":228,"column":51}},"108":{"start":{"line":230,"column":8},"end":{"line":230,"column":96}},"109":{"start":{"line":230,"column":49},"end":{"line":230,"column":96}},"110":{"start":{"line":231,"column":8},"end":{"line":231,"column":86}},"111":{"start":{"line":231,"column":34},"end":{"line":231,"column":86}},"112":{"start":{"line":232,"column":8},"end":{"line":232,"column":47}},"113":{"start":{"line":232,"column":20},"end":{"line":232,"column":47}},"114":{"start":{"line":234,"column":28},"end":{"line":234,"column":70}},"115":{"start":{"line":236,"column":8},"end":{"line":239,"column":11}},"116":{"start":{"line":242,"column":8},"end":{"line":242,"column":47}},"117":{"start":{"line":243,"column":8},"end":{"line":243,"column":58}},"118":{"start":{"line":247,"column":0},"end":{"line":252,"column":2}}},"fnMap":{"0":{"name":"(anonymous_0)","decl":{"start":{"line":13,"column":19},"end":{"line":13,"column":20}},"loc":{"start":{"line":13,"column":39},"end":{"line":107,"column":1}},"line":13},"1":{"name":"(anonymous_1)","decl":{"start":{"line":76,"column":40},"end":{"line":76,"column":41}},"loc":{"start":{"line":76,"column":57},"end":{"line":80,"column":9}},"line":76},"2":{"name":"(anonymous_2)","decl":{"start":{"line":112,"column":16},"end":{"line":112,"column":17}},"loc":{"start":{"line":112,"column":36},"end":{"line":168,"column":1}},"line":112},"3":{"name":"(anonymous_3)","decl":{"start":{"line":153,"column":54},"end":{"line":153,"column":55}},"loc":{"start":{"line":153,"column":61},"end":{"line":156,"column":13}},"line":153},"4":{"name":"(anonymous_4)","decl":{"start":{"line":173,"column":21},"end":{"line":173,"column":22}},"loc":{"start":{"line":173,"column":41},"end":{"line":189,"column":1}},"line":173},"5":{"name":"(anonymous_5)","decl":{"start":{"line":194,"column":17},"end":{"line":194,"column":18}},"loc":{"start":{"line":194,"column":37},"end":{"line":245,"column":1}},"line":194}},"branchMap":{"0":{"loc":{"start":{"line":30,"column":8},"end":{"line":32,"column":9}},"type":"if","locations":[{"start":{"line":30,"column":8},"end":{"line":32,"column":9}},{"start":{},"end":{}}],"line":30},"1":{"loc":{"start":{"line":30,"column":12},"end":{"line":30,"column":41}},"type":"binary-expr","locations":[{"start":{"line":30,"column":12},"end":{"line":30,"column":18}},{"start":{"line":30,"column":22},"end":{"line":30,"column":41}}],"line":30},"2":{"loc":{"start":{"line":33,"column":8},"end":{"line":35,"column":9}},"type":"if","locations":[{"start":{"line":33,"column":8},"end":{"line":35,"column":9}},{"start":{},"end":{}}],"line":33},"3":{"loc":{"start":{"line":33,"column":12},"end":{"line":33,"column":69}},"type":"binary-expr","locations":[{"start":{"line":33,"column":12},"end":{"line":33,"column":20}},{"start":{"line":33,"column":24},"end":{"line":33,"column":47}},{"start":{"line":33,"column":51},"end":{"line":33,"column":69}}],"line":33},"4":{"loc":{"start":{"line":37,"column":25},"end":{"line":37,"column":57}},"type":"binary-expr","locations":[{"start":{"line":37,"column":25},"end":{"line":37,"column":45}},{"start":{"line":37,"column":49},"end":{"line":37,"column":57}}],"line":37},"5":{"loc":{"start":{"line":38,"column":8},"end":{"line":46,"column":9}},"type":"if","locations":[{"start":{"line":38,"column":8},"end":{"line":46,"column":9}},{"start":{},"end":{}}],"line":38},"6":{"loc":{"start":{"line":39,"column":12},"end":{"line":45,"column":13}},"type":"if","locations":[{"start":{"line":39,"column":12},"end":{"line":45,"column":13}},{"start":{"line":41,"column":19},"end":{"line":45,"column":13}}],"line":39},"7":{"loc":{"start":{"line":49,"column":27},"end":{"line":49,"column":84}},"type":"cond-expr","locations":[{"start":{"line":49,"column":64},"end":{"line":49,"column":73}},{"start":{"line":49,"column":76},"end":{"line":49,"column":84}}],"line":49},"8":{"loc":{"start":{"line":52,"column":16},"end":{"line":52,"column":27}},"type":"binary-expr","locations":[{"start":{"line":52,"column":16},"end":{"line":52,"column":21}},{"start":{"line":52,"column":25},"end":{"line":52,"column":27}}],"line":52},"9":{"loc":{"start":{"line":61,"column":26},"end":{"line":61,"column":56}},"type":"binary-expr","locations":[{"start":{"line":61,"column":26},"end":{"line":61,"column":47}},{"start":{"line":61,"column":51},"end":{"line":61,"column":56}}],"line":61},"10":{"loc":{"start":{"line":63,"column":36},"end":{"line":63,"column":68}},"type":"binary-expr","locations":[{"start":{"line":63,"column":36},"end":{"line":63,"column":59}},{"start":{"line":63,"column":63},"end":{"line":63,"column":68}}],"line":63},"11":{"loc":{"start":{"line":68,"column":24},"end":{"line":68,"column":61}},"type":"binary-expr","locations":[{"start":{"line":68,"column":24},"end":{"line":68,"column":33}},{"start":{"line":68,"column":37},"end":{"line":68,"column":61}}],"line":68},"12":{"loc":{"start":{"line":69,"column":22},"end":{"line":69,"column":37}},"type":"binary-expr","locations":[{"start":{"line":69,"column":22},"end":{"line":69,"column":29}},{"start":{"line":69,"column":33},"end":{"line":69,"column":37}}],"line":69},"13":{"loc":{"start":{"line":83,"column":8},"end":{"line":92,"column":9}},"type":"if","locations":[{"start":{"line":83,"column":8},"end":{"line":92,"column":9}},{"start":{},"end":{}}],"line":83},"14":{"loc":{"start":{"line":83,"column":12},"end":{"line":83,"column":85}},"type":"binary-expr","locations":[{"start":{"line":83,"column":12},"end":{"line":83,"column":36}},{"start":{"line":83,"column":40},"end":{"line":83,"column":53}},{"start":{"line":83,"column":57},"end":{"line":83,"column":85}}],"line":83},"15":{"loc":{"start":{"line":87,"column":16},"end":{"line":87,"column":53}},"type":"if","locations":[{"start":{"line":87,"column":16},"end":{"line":87,"column":53}},{"start":{},"end":{}}],"line":87},"16":{"loc":{"start":{"line":89,"column":12},"end":{"line":91,"column":13}},"type":"if","locations":[{"start":{"line":89,"column":12},"end":{"line":91,"column":13}},{"start":{},"end":{}}],"line":89},"17":{"loc":{"start":{"line":117,"column":8},"end":{"line":117,"column":78}},"type":"if","locations":[{"start":{"line":117,"column":8},"end":{"line":117,"column":78}},{"start":{},"end":{}}],"line":117},"18":{"loc":{"start":{"line":119,"column":23},"end":{"line":119,"column":52}},"type":"cond-expr","locations":[{"start":{"line":119,"column":34},"end":{"line":119,"column":45}},{"start":{"line":119,"column":48},"end":{"line":119,"column":52}}],"line":119},"19":{"loc":{"start":{"line":122,"column":24},"end":{"line":122,"column":68}},"type":"binary-expr","locations":[{"start":{"line":122,"column":24},"end":{"line":122,"column":56}},{"start":{"line":122,"column":60},"end":{"line":122,"column":68}}],"line":122},"20":{"loc":{"start":{"line":123,"column":8},"end":{"line":130,"column":9}},"type":"if","locations":[{"start":{"line":123,"column":8},"end":{"line":130,"column":9}},{"start":{},"end":{}}],"line":123},"21":{"loc":{"start":{"line":124,"column":12},"end":{"line":124,"column":99}},"type":"if","locations":[{"start":{"line":124,"column":12},"end":{"line":124,"column":99}},{"start":{},"end":{}}],"line":124},"22":{"loc":{"start":{"line":126,"column":12},"end":{"line":129,"column":13}},"type":"if","locations":[{"start":{"line":126,"column":12},"end":{"line":129,"column":13}},{"start":{},"end":{}}],"line":126},"23":{"loc":{"start":{"line":128,"column":16},"end":{"line":128,"column":91}},"type":"if","locations":[{"start":{"line":128,"column":16},"end":{"line":128,"column":91}},{"start":{},"end":{}}],"line":128},"24":{"loc":{"start":{"line":133,"column":8},"end":{"line":139,"column":9}},"type":"if","locations":[{"start":{"line":133,"column":8},"end":{"line":139,"column":9}},{"start":{"line":135,"column":15},"end":{"line":139,"column":9}}],"line":133},"25":{"loc":{"start":{"line":137,"column":62},"end":{"line":137,"column":83}},"type":"binary-expr","locations":[{"start":{"line":137,"column":62},"end":{"line":137,"column":70}},{"start":{"line":137,"column":74},"end":{"line":137,"column":83}}],"line":137},"26":{"loc":{"start":{"line":142,"column":8},"end":{"line":150,"column":9}},"type":"if","locations":[{"start":{"line":142,"column":8},"end":{"line":150,"column":9}},{"start":{"line":144,"column":15},"end":{"line":150,"column":9}}],"line":142},"27":{"loc":{"start":{"line":144,"column":15},"end":{"line":150,"column":9}},"type":"if","locations":[{"start":{"line":144,"column":15},"end":{"line":150,"column":9}},{"start":{"line":146,"column":15},"end":{"line":150,"column":9}}],"line":144},"28":{"loc":{"start":{"line":146,"column":15},"end":{"line":150,"column":9}},"type":"if","locations":[{"start":{"line":146,"column":15},"end":{"line":150,"column":9}},{"start":{"line":148,"column":15},"end":{"line":150,"column":9}}],"line":146},"29":{"loc":{"start":{"line":148,"column":15},"end":{"line":150,"column":9}},"type":"if","locations":[{"start":{"line":148,"column":15},"end":{"line":150,"column":9}},{"start":{},"end":{}}],"line":148},"30":{"loc":{"start":{"line":152,"column":8},"end":{"line":157,"column":9}},"type":"if","locations":[{"start":{"line":152,"column":8},"end":{"line":157,"column":9}},{"start":{},"end":{}}],"line":152},"31":{"loc":{"start":{"line":202,"column":8},"end":{"line":202,"column":78}},"type":"if","locations":[{"start":{"line":202,"column":8},"end":{"line":202,"column":78}},{"start":{},"end":{}}],"line":202},"32":{"loc":{"start":{"line":204,"column":8},"end":{"line":206,"column":9}},"type":"if","locations":[{"start":{"line":204,"column":8},"end":{"line":206,"column":9}},{"start":{},"end":{}}],"line":204},"33":{"loc":{"start":{"line":208,"column":8},"end":{"line":210,"column":9}},"type":"if","locations":[{"start":{"line":208,"column":8},"end":{"line":210,"column":9}},{"start":{},"end":{}}],"line":208},"34":{"loc":{"start":{"line":212,"column":29},"end":{"line":212,"column":54}},"type":"binary-expr","locations":[{"start":{"line":212,"column":29},"end":{"line":212,"column":48}},{"start":{"line":212,"column":52},"end":{"line":212,"column":54}}],"line":212},"35":{"loc":{"start":{"line":213,"column":30},"end":{"line":213,"column":78}},"type":"binary-expr","locations":[{"start":{"line":213,"column":30},"end":{"line":213,"column":50}},{"start":{"line":213,"column":54},"end":{"line":213,"column":78}}],"line":213},"36":{"loc":{"start":{"line":217,"column":16},"end":{"line":217,"column":27}},"type":"binary-expr","locations":[{"start":{"line":217,"column":16},"end":{"line":217,"column":21}},{"start":{"line":217,"column":25},"end":{"line":217,"column":27}}],"line":217},"37":{"loc":{"start":{"line":222,"column":8},"end":{"line":222,"column":44}},"type":"if","locations":[{"start":{"line":222,"column":8},"end":{"line":222,"column":44}},{"start":{},"end":{}}],"line":222},"38":{"loc":{"start":{"line":223,"column":8},"end":{"line":223,"column":62}},"type":"if","locations":[{"start":{"line":223,"column":8},"end":{"line":223,"column":62}},{"start":{},"end":{}}],"line":223},"39":{"loc":{"start":{"line":227,"column":8},"end":{"line":227,"column":57}},"type":"if","locations":[{"start":{"line":227,"column":8},"end":{"line":227,"column":57}},{"start":{},"end":{}}],"line":227},"40":{"loc":{"start":{"line":228,"column":8},"end":{"line":228,"column":51}},"type":"if","locations":[{"start":{"line":228,"column":8},"end":{"line":228,"column":51}},{"start":{},"end":{}}],"line":228},"41":{"loc":{"start":{"line":230,"column":8},"end":{"line":230,"column":96}},"type":"if","locations":[{"start":{"line":230,"column":8},"end":{"line":230,"column":96}},{"start":{},"end":{}}],"line":230},"42":{"loc":{"start":{"line":231,"column":8},"end":{"line":231,"column":86}},"type":"if","locations":[{"start":{"line":231,"column":8},"end":{"line":231,"column":86}},{"start":{},"end":{}}],"line":231},"43":{"loc":{"start":{"line":232,"column":8},"end":{"line":232,"column":47}},"type":"if","locations":[{"start":{"line":232,"column":8},"end":{"line":232,"column":47}},{"start":{},"end":{}}],"line":232}},"s":{"0":1,"1":1,"2":1,"3":1,"4":1,"5":1,"6":1,"7":2,"8":2,"9":2,"10":2,"11":1,"12":1,"13":0,"14":1,"15":1,"16":0,"17":0,"18":0,"19":1,"20":1,"21":1,"22":1,"23":1,"24":2,"25":1,"26":1,"27":0,"28":0,"29":0,"30":0,"31":0,"32":0,"33":0,"34":1,"35":0,"36":0,"37":1,"38":2,"39":2,"40":2,"41":2,"42":1,"43":1,"44":1,"45":1,"46":1,"47":0,"48":0,"49":0,"50":0,"51":0,"52":0,"53":1,"54":1,"55":0,"56":1,"57":1,"58":1,"59":1,"60":1,"61":0,"62":1,"63":1,"64":0,"65":0,"66":0,"67":0,"68":1,"69":0,"70":0,"71":0,"72":1,"73":0,"74":0,"75":1,"76":0,"77":0,"78":0,"79":0,"80":0,"81":0,"82":0,"83":1,"84":0,"85":0,"86":0,"87":0,"88":0,"89":0,"90":0,"91":0,"92":0,"93":0,"94":0,"95":0,"96":0,"97":0,"98":0,"99":0,"100":0,"101":0,"102":0,"103":0,"104":0,"105":0,"106":0,"107":0,"108":0,"109":0,"110":0,"111":0,"112":0,"113":0,"114":0,"115":0,"116":0,"117":0,"118":1},"f":{"0":2,"1":2,"2":2,"3":0,"4":0,"5":0},"b":{"0":[1,1],"1":[2,1],"2":[0,1],"3":[1,1,1],"4":[1,0],"5":[0,1],"6":[0,0],"7":[0,1],"8":[1,0],"9":[1,0],"10":[1,1],"11":[1,0],"12":[1,0],"13":[0,1],"14":[1,0,0],"15":[0,0],"16":[0,0],"17":[1,1],"18":[0,1],"19":[1,0],"20":[0,1],"21":[0,0],"22":[0,0],"23":[0,0],"24":[0,1],"25":[1,0],"26":[0,1],"27":[1,0],"28":[0,0],"29":[0,0],"30":[0,1],"31":[0,0],"32":[0,0],"33":[0,0],"34":[0,0],"35":[0,0],"36":[0,0],"37":[0,0],"38":[0,0],"39":[0,0],"40":[0,0],"41":[0,0],"42":[0,0],"43":[0,0]},"_coverageSchema":"1a1c01bbd47fc00a2c39e90264f33305004495a9","hash":"11d1439489b3eabca21f5ede26410bf43429eca6"}
,"/home/djabir-houaria/Desktop/Voting_system/Voting-system_front/backend/src/controllers/voteController.js": {"path":"/home/djabir-houaria/Desktop/Voting_system/Voting-system_front/backend/src/controllers/voteController.js","statementMap":{"0":{"start":{"line":1,"column":15},"end":{"line":1,"column":32}},"1":{"start":{"line":2,"column":18},"end":{"line":2,"column":39}},"2":{"start":{"line":3,"column":18},"end":{"line":3,"column":48}},"3":{"start":{"line":4,"column":18},"end":{"line":4,"column":48}},"4":{"start":{"line":6,"column":19},"end":{"line":77,"column":1}},"5":{"start":{"line":7,"column":4},"end":{"line":76,"column":5}},"6":{"start":{"line":8,"column":27},"end":{"line":8,"column":37}},"7":{"start":{"line":9,"column":29},"end":{"line":9,"column":37}},"8":{"start":{"line":12,"column":8},"end":{"line":14,"column":9}},"9":{"start":{"line":13,"column":12},"end":{"line":13,"column":78}},"10":{"start":{"line":17,"column":21},"end":{"line":17,"column":56}},"11":{"start":{"line":19,"column":8},"end":{"line":21,"column":9}},"12":{"start":{"line":20,"column":12},"end":{"line":20,"column":71}},"13":{"start":{"line":25,"column":30},"end":{"line":25,"column":90}},"14":{"start":{"line":25,"column":60},"end":{"line":25,"column":89}},"15":{"start":{"line":27,"column":8},"end":{"line":29,"column":9}},"16":{"start":{"line":28,"column":12},"end":{"line":28,"column":114}},"17":{"start":{"line":33,"column":8},"end":{"line":35,"column":9}},"18":{"start":{"line":34,"column":12},"end":{"line":34,"column":88}},"19":{"start":{"line":38,"column":23},"end":{"line":38,"column":52}},"20":{"start":{"line":39,"column":25},"end":{"line":39,"column":51}},"21":{"start":{"line":40,"column":23},"end":{"line":40,"column":94}},"22":{"start":{"line":43,"column":27},"end":{"line":43,"column":32}},"23":{"start":{"line":45,"column":8},"end":{"line":49,"column":9}},"24":{"start":{"line":46,"column":12},"end":{"line":46,"column":72}},"25":{"start":{"line":48,"column":12},"end":{"line":48,"column":70}},"26":{"start":{"line":51,"column":8},"end":{"line":53,"column":9}},"27":{"start":{"line":52,"column":12},"end":{"line":52,"column":93}},"28":{"start":{"line":56,"column":28},"end":{"line":56,"column":61}},"29":{"start":{"line":59,"column":25},"end":{"line":64,"column":9}},"30":{"start":{"line":66,"column":8},"end":{"line":66,"column":43}},"31":{"start":{"line":68,"column":8},"end":{"line":68,"column":73}},"32":{"start":{"line":71,"column":8},"end":{"line":73,"column":9}},"33":{"start":{"line":72,"column":12},"end":{"line":72,"column":80}},"34":{"start":{"line":74,"column":8},"end":{"line":74,"column":42}},"35":{"start":{"line":75,"column":8},"end":{"line":75,"column":58}},"36":{"start":{"line":79,"column":0},"end":{"line":79,"column":32}}},"fnMap":{"0":{"name":"(anonymous_0)","decl":{"start":{"line":6,"column":19},"end":{"line":6,"column":20}},"loc":{"start":{"line":6,"column":39},"end":{"line":77,"column":1}},"line":6},"1":{"name":"(anonymous_1)","decl":{"start":{"line":25,"column":53},"end":{"line":25,"column":54}},"loc":{"start":{"line":25,"column":60},"end":{"line":25,"column":89}},"line":25}},"branchMap":{"0":{"loc":{"start":{"line":12,"column":8},"end":{"line":14,"column":9}},"type":"if","locations":[{"start":{"line":12,"column":8},"end":{"line":14,"column":9}},{"start":{},"end":{}}],"line":12},"1":{"loc":{"start":{"line":19,"column":8},"end":{"line":21,"column":9}},"type":"if","locations":[{"start":{"line":19,"column":8},"end":{"line":21,"column":9}},{"start":{},"end":{}}],"line":19},"2":{"loc":{"start":{"line":27,"column":8},"end":{"line":29,"column":9}},"type":"if","locations":[{"start":{"line":27,"column":8},"end":{"line":29,"column":9}},{"start":{},"end":{}}],"line":27},"3":{"loc":{"start":{"line":33,"column":8},"end":{"line":35,"column":9}},"type":"if","locations":[{"start":{"line":33,"column":8},"end":{"line":35,"column":9}},{"start":{},"end":{}}],"line":33},"4":{"loc":{"start":{"line":38,"column":23},"end":{"line":38,"column":52}},"type":"cond-expr","locations":[{"start":{"line":38,"column":34},"end":{"line":38,"column":45}},{"start":{"line":38,"column":48},"end":{"line":38,"column":52}}],"line":38},"5":{"loc":{"start":{"line":40,"column":58},"end":{"line":40,"column":79}},"type":"binary-expr","locations":[{"start":{"line":40,"column":58},"end":{"line":40,"column":66}},{"start":{"line":40,"column":70},"end":{"line":40,"column":79}}],"line":40},"6":{"loc":{"start":{"line":45,"column":8},"end":{"line":49,"column":9}},"type":"if","locations":[{"start":{"line":45,"column":8},"end":{"line":49,"column":9}},{"start":{"line":47,"column":15},"end":{"line":49,"column":9}}],"line":45},"7":{"loc":{"start":{"line":51,"column":8},"end":{"line":53,"column":9}},"type":"if","locations":[{"start":{"line":51,"column":8},"end":{"line":53,"column":9}},{"start":{},"end":{}}],"line":51},"8":{"loc":{"start":{"line":56,"column":28},"end":{"line":56,"column":61}},"type":"cond-expr","locations":[{"start":{"line":56,"column":48},"end":{"line":56,"column":52}},{"start":{"line":56,"column":55},"end":{"line":56,"column":61}}],"line":56},"9":{"loc":{"start":{"line":71,"column":8},"end":{"line":73,"column":9}},"type":"if","locations":[{"start":{"line":71,"column":8},"end":{"line":73,"column":9}},{"start":{},"end":{}}],"line":71}},"s":{"0":1,"1":1,"2":1,"3":1,"4":1,"5":0,"6":0,"7":0,"8":0,"9":0,"10":0,"11":0,"12":0,"13":0,"14":0,"15":0,"16":0,"17":0,"18":0,"19":0,"20":0,"21":0,"22":0,"23":0,"24":0,"25":0,"26":0,"27":0,"28":0,"29":0,"30":0,"31":0,"32":0,"33":0,"34":0,"35":0,"36":1},"f":{"0":0,"1":0},"b":{"0":[0,0],"1":[0,0],"2":[0,0],"3":[0,0],"4":[0,0],"5":[0,0],"6":[0,0],"7":[0,0],"8":[0,0],"9":[0,0]},"_coverageSchema":"1a1c01bbd47fc00a2c39e90264f33305004495a9","hash":"63c697b5821d542de4fcb30a8aed87110eb15fd2"}
,"/home/djabir-houaria/Desktop/Voting_system/Voting-system_front/backend/src/middlewares/authMiddleware.js": {"path":"/home/djabir-houaria/Desktop/Voting_system/Voting-system_front/backend/src/middlewares/authMiddleware.js","statementMap":{"0":{"start":{"line":1,"column":12},"end":{"line":1,"column":35}},"1":{"start":{"line":2,"column":18},"end":{"line":2,"column":48}},"2":{"start":{"line":3,"column":0},"end":{"line":3,"column":27}},"3":{"start":{"line":6,"column":26},"end":{"line":8,"column":1}},"4":{"start":{"line":7,"column":4},"end":{"line":7,"column":53}},"5":{"start":{"line":13,"column":21},"end":{"line":41,"column":1}},"6":{"start":{"line":14,"column":4},"end":{"line":40,"column":5}},"7":{"start":{"line":16,"column":27},"end":{"line":16,"column":52}},"8":{"start":{"line":18,"column":8},"end":{"line":20,"column":9}},"9":{"start":{"line":19,"column":12},"end":{"line":19,"column":74}},"10":{"start":{"line":22,"column":22},"end":{"line":22,"column":45}},"11":{"start":{"line":25,"column":30},"end":{"line":25,"column":71}},"12":{"start":{"line":26,"column":8},"end":{"line":28,"column":9}},"13":{"start":{"line":27,"column":12},"end":{"line":27,"column":93}},"14":{"start":{"line":31,"column":24},"end":{"line":31,"column":48}},"15":{"start":{"line":34,"column":8},"end":{"line":34,"column":32}},"16":{"start":{"line":35,"column":8},"end":{"line":35,"column":26}},"17":{"start":{"line":37,"column":8},"end":{"line":37,"column":15}},"18":{"start":{"line":39,"column":8},"end":{"line":39,"column":77}},"19":{"start":{"line":46,"column":18},"end":{"line":60,"column":1}},"20":{"start":{"line":47,"column":4},"end":{"line":59,"column":6}},"21":{"start":{"line":49,"column":8},"end":{"line":51,"column":9}},"22":{"start":{"line":50,"column":12},"end":{"line":50,"column":80}},"23":{"start":{"line":54,"column":8},"end":{"line":56,"column":9}},"24":{"start":{"line":55,"column":12},"end":{"line":55,"column":96}},"25":{"start":{"line":58,"column":8},"end":{"line":58,"column":15}},"26":{"start":{"line":65,"column":21},"end":{"line":85,"column":1}},"27":{"start":{"line":66,"column":4},"end":{"line":84,"column":5}},"28":{"start":{"line":67,"column":27},"end":{"line":67,"column":52}},"29":{"start":{"line":69,"column":8},"end":{"line":79,"column":9}},"30":{"start":{"line":70,"column":26},"end":{"line":70,"column":49}},"31":{"start":{"line":73,"column":34},"end":{"line":73,"column":75}},"32":{"start":{"line":75,"column":12},"end":{"line":78,"column":13}},"33":{"start":{"line":76,"column":32},"end":{"line":76,"column":56}},"34":{"start":{"line":77,"column":16},"end":{"line":77,"column":40}},"35":{"start":{"line":80,"column":8},"end":{"line":80,"column":15}},"36":{"start":{"line":83,"column":8},"end":{"line":83,"column":15}},"37":{"start":{"line":87,"column":0},"end":{"line":91,"column":2}}},"fnMap":{"0":{"name":"(anonymous_0)","decl":{"start":{"line":6,"column":26},"end":{"line":6,"column":27}},"loc":{"start":{"line":6,"column":37},"end":{"line":8,"column":1}},"line":6},"1":{"name":"(anonymous_1)","decl":{"start":{"line":13,"column":21},"end":{"line":13,"column":22}},"loc":{"start":{"line":13,"column":47},"end":{"line":41,"column":1}},"line":13},"2":{"name":"(anonymous_2)","decl":{"start":{"line":46,"column":18},"end":{"line":46,"column":19}},"loc":{"start":{"line":46,"column":39},"end":{"line":60,"column":1}},"line":46},"3":{"name":"(anonymous_3)","decl":{"start":{"line":47,"column":11},"end":{"line":47,"column":12}},"loc":{"start":{"line":47,"column":31},"end":{"line":59,"column":5}},"line":47},"4":{"name":"(anonymous_4)","decl":{"start":{"line":65,"column":21},"end":{"line":65,"column":22}},"loc":{"start":{"line":65,"column":47},"end":{"line":85,"column":1}},"line":65}},"branchMap":{"0":{"loc":{"start":{"line":18,"column":8},"end":{"line":20,"column":9}},"type":"if","locations":[{"start":{"line":18,"column":8},"end":{"line":20,"column":9}},{"start":{},"end":{}}],"line":18},"1":{"loc":{"start":{"line":18,"column":12},"end":{"line":18,"column":60}},"type":"binary-expr","locations":[{"start":{"line":18,"column":12},"end":{"line":18,"column":23}},{"start":{"line":18,"column":27},"end":{"line":18,"column":60}}],"line":18},"2":{"loc":{"start":{"line":26,"column":8},"end":{"line":28,"column":9}},"type":"if","locations":[{"start":{"line":26,"column":8},"end":{"line":28,"column":9}},{"start":{},"end":{}}],"line":26},"3":{"loc":{"start":{"line":49,"column":8},"end":{"line":51,"column":9}},"type":"if","locations":[{"start":{"line":49,"column":8},"end":{"line":51,"column":9}},{"start":{},"end":{}}],"line":49},"4":{"loc":{"start":{"line":54,"column":8},"end":{"line":56,"column":9}},"type":"if","locations":[{"start":{"line":54,"column":8},"end":{"line":56,"column":9}},{"start":{},"end":{}}],"line":54},"5":{"loc":{"start":{"line":69,"column":8},"end":{"line":79,"column":9}},"type":"if","locations":[{"start":{"line":69,"column":8},"end":{"line":79,"column":9}},{"start":{},"end":{}}],"line":69},"6":{"loc":{"start":{"line":69,"column":12},"end":{"line":69,"column":58}},"type":"binary-expr","locations":[{"start":{"line":69,"column":12},"end":{"line":69,"column":22}},{"start":{"line":69,"column":26},"end":{"line":69,"column":58}}],"line":69},"7":{"loc":{"start":{"line":75,"column":12},"end":{"line":78,"column":13}},"type":"if","locations":[{"start":{"line":75,"column":12},"end":{"line":78,"column":13}},{"start":{},"end":{}}],"line":75}},"s":{"0":1,"1":1,"2":1,"3":1,"4":2,"5":1,"6":3,"7":3,"8":3,"9":1,"10":2,"11":2,"12":2,"13":0,"14":2,"15":2,"16":2,"17":2,"18":0,"19":1,"20":1,"21":2,"22":0,"23":2,"24":0,"25":2,"26":1,"27":2,"28":2,"29":2,"30":0,"31":0,"32":0,"33":0,"34":0,"35":2,"36":0,"37":1},"f":{"0":2,"1":3,"2":1,"3":2,"4":2},"b":{"0":[1,2],"1":[3,2],"2":[0,2],"3":[0,2],"4":[0,2],"5":[0,2],"6":[2,0],"7":[0,0]},"_coverageSchema":"1a1c01bbd47fc00a2c39e90264f33305004495a9","hash":"7cd79f45eb43ac48ccb6f46ff479df4c9115d4b3"}
,"/home/djabir-houaria/Desktop/Voting_system/Voting-system_front/backend/src/models/pollModel.js": {"path":"/home/djabir-houaria/Desktop/Voting_system/Voting-system_front/backend/src/models/pollModel.js","statementMap":{"0":{"start":{"line":1,"column":17},"end":{"line":1,"column":40}},"1":{"start":{"line":4,"column":19},"end":{"line":13,"column":1}},"2":{"start":{"line":5,"column":28},"end":{"line":9,"column":17}},"3":{"start":{"line":11,"column":4},"end":{"line":11,"column":27}},"4":{"start":{"line":11,"column":15},"end":{"line":11,"column":27}},"5":{"start":{"line":12,"column":4},"end":{"line":12,"column":16}},"6":{"start":{"line":16,"column":23},"end":{"line":24,"column":1}},"7":{"start":{"line":17,"column":28},"end":{"line":20,"column":17}},"8":{"start":{"line":22,"column":4},"end":{"line":22,"column":27}},"9":{"start":{"line":22,"column":15},"end":{"line":22,"column":27}},"10":{"start":{"line":23,"column":4},"end":{"line":23,"column":16}},"11":{"start":{"line":27,"column":20},"end":{"line":39,"column":1}},"12":{"start":{"line":28,"column":28},"end":{"line":32,"column":17}},"13":{"start":{"line":34,"column":4},"end":{"line":37,"column":5}},"14":{"start":{"line":35,"column":8},"end":{"line":35,"column":51}},"15":{"start":{"line":35,"column":39},"end":{"line":35,"column":51}},"16":{"start":{"line":36,"column":8},"end":{"line":36,"column":20}},"17":{"start":{"line":38,"column":4},"end":{"line":38,"column":16}},"18":{"start":{"line":44,"column":25},"end":{"line":55,"column":1}},"19":{"start":{"line":45,"column":4},"end":{"line":45,"column":49}},"20":{"start":{"line":45,"column":42},"end":{"line":45,"column":49}},"21":{"start":{"line":47,"column":17},"end":{"line":51,"column":7}},"22":{"start":{"line":47,"column":37},"end":{"line":51,"column":5}},"23":{"start":{"line":53,"column":22},"end":{"line":53,"column":72}},"24":{"start":{"line":54,"column":4},"end":{"line":54,"column":27}},"25":{"start":{"line":54,"column":15},"end":{"line":54,"column":27}},"26":{"start":{"line":58,"column":22},"end":{"line":68,"column":1}},"27":{"start":{"line":59,"column":28},"end":{"line":64,"column":17}},"28":{"start":{"line":67,"column":4},"end":{"line":67,"column":18}},"29":{"start":{"line":70,"column":21},"end":{"line":86,"column":1}},"30":{"start":{"line":71,"column":16},"end":{"line":75,"column":50}},"31":{"start":{"line":78,"column":4},"end":{"line":80,"column":5}},"32":{"start":{"line":79,"column":8},"end":{"line":79,"column":57}},"33":{"start":{"line":82,"column":28},"end":{"line":82,"column":39}},"34":{"start":{"line":84,"column":4},"end":{"line":84,"column":27}},"35":{"start":{"line":84,"column":15},"end":{"line":84,"column":27}},"36":{"start":{"line":85,"column":4},"end":{"line":85,"column":16}},"37":{"start":{"line":88,"column":19},"end":{"line":98,"column":1}},"38":{"start":{"line":89,"column":28},"end":{"line":94,"column":17}},"39":{"start":{"line":96,"column":4},"end":{"line":96,"column":27}},"40":{"start":{"line":96,"column":15},"end":{"line":96,"column":27}},"41":{"start":{"line":97,"column":4},"end":{"line":97,"column":16}},"42":{"start":{"line":100,"column":0},"end":{"line":108,"column":2}}},"fnMap":{"0":{"name":"(anonymous_0)","decl":{"start":{"line":4,"column":19},"end":{"line":4,"column":20}},"loc":{"start":{"line":4,"column":39},"end":{"line":13,"column":1}},"line":4},"1":{"name":"(anonymous_1)","decl":{"start":{"line":16,"column":23},"end":{"line":16,"column":24}},"loc":{"start":{"line":16,"column":46},"end":{"line":24,"column":1}},"line":16},"2":{"name":"(anonymous_2)","decl":{"start":{"line":27,"column":20},"end":{"line":27,"column":21}},"loc":{"start":{"line":27,"column":38},"end":{"line":39,"column":1}},"line":27},"3":{"name":"(anonymous_3)","decl":{"start":{"line":44,"column":25},"end":{"line":44,"column":26}},"loc":{"start":{"line":44,"column":52},"end":{"line":55,"column":1}},"line":44},"4":{"name":"(anonymous_4)","decl":{"start":{"line":47,"column":29},"end":{"line":47,"column":30}},"loc":{"start":{"line":47,"column":37},"end":{"line":51,"column":5}},"line":47},"5":{"name":"(anonymous_5)","decl":{"start":{"line":58,"column":22},"end":{"line":58,"column":23}},"loc":{"start":{"line":58,"column":48},"end":{"line":68,"column":1}},"line":58},"6":{"name":"(anonymous_6)","decl":{"start":{"line":70,"column":21},"end":{"line":70,"column":22}},"loc":{"start":{"line":70,"column":57},"end":{"line":86,"column":1}},"line":70},"7":{"name":"(anonymous_7)","decl":{"start":{"line":88,"column":19},"end":{"line":88,"column":20}},"loc":{"start":{"line":88,"column":49},"end":{"line":98,"column":1}},"line":88}},"branchMap":{"0":{"loc":{"start":{"line":11,"column":4},"end":{"line":11,"column":27}},"type":"if","locations":[{"start":{"line":11,"column":4},"end":{"line":11,"column":27}},{"start":{},"end":{}}],"line":11},"1":{"loc":{"start":{"line":22,"column":4},"end":{"line":22,"column":27}},"type":"if","locations":[{"start":{"line":22,"column":4},"end":{"line":22,"column":27}},{"start":{},"end":{}}],"line":22},"2":{"loc":{"start":{"line":34,"column":4},"end":{"line":37,"column":5}},"type":"if","locations":[{"start":{"line":34,"column":4},"end":{"line":37,"column":5}},{"start":{},"end":{}}],"line":34},"3":{"loc":{"start":{"line":35,"column":8},"end":{"line":35,"column":51}},"type":"if","locations":[{"start":{"line":35,"column":8},"end":{"line":35,"column":51}},{"start":{},"end":{}}],"line":35},"4":{"loc":{"start":{"line":45,"column":4},"end":{"line":45,"column":49}},"type":"if","locations":[{"start":{"line":45,"column":4},"end":{"line":45,"column":49}},{"start":{},"end":{}}],"line":45},"5":{"loc":{"start":{"line":45,"column":8},"end":{"line":45,"column":40}},"type":"binary-expr","locations":[{"start":{"line":45,"column":8},"end":{"line":45,"column":16}},{"start":{"line":45,"column":20},"end":{"line":45,"column":40}}],"line":45},"6":{"loc":{"start":{"line":54,"column":4},"end":{"line":54,"column":27}},"type":"if","locations":[{"start":{"line":54,"column":4},"end":{"line":54,"column":27}},{"start":{},"end":{}}],"line":54},"7":{"loc":{"start":{"line":70,"column":36},"end":{"line":70,"column":52}},"type":"default-arg","locations":[{"start":{"line":70,"column":50},"end":{"line":70,"column":52}}],"line":70},"8":{"loc":{"start":{"line":78,"column":4},"end":{"line":80,"column":5}},"type":"if","locations":[{"start":{"line":78,"column":4},"end":{"line":80,"column":5}},{"start":{},"end":{}}],"line":78},"9":{"loc":{"start":{"line":84,"column":4},"end":{"line":84,"column":27}},"type":"if","locations":[{"start":{"line":84,"column":4},"end":{"line":84,"column":27}},{"start":{},"end":{}}],"line":84},"10":{"loc":{"start":{"line":96,"column":4},"end":{"line":96,"column":27}},"type":"if","locations":[{"start":{"line":96,"column":4},"end":{"line":96,"column":27}},{"start":{},"end":{}}],"line":96}},"s":{"0":1,"1":1,"2":1,"3":1,"4":0,"5":1,"6":1,"7":1,"8":1,"9":0,"10":1,"11":1,"12":2,"13":2,"14":1,"15":1,"16":0,"17":1,"18":1,"19":0,"20":0,"21":0,"22":0,"23":0,"24":0,"25":0,"26":1,"27":0,"28":0,"29":1,"30":0,"31":0,"32":0,"33":0,"34":0,"35":0,"36":0,"37":1,"38":0,"39":0,"40":0,"41":0,"42":1},"f":{"0":1,"1":1,"2":2,"3":0,"4":0,"5":0,"6":0,"7":0},"b":{"0":[0,1],"1":[0,1],"2":[1,1],"3":[1,0],"4":[0,0],"5":[0,0],"6":[0,0],"7":[0],"8":[0,0],"9":[0,0],"10":[0,0]},"_coverageSchema":"1a1c01bbd47fc00a2c39e90264f33305004495a9","hash":"182bc5379be3bfb788e05e7d18582f05d989f82d"}
,"/home/djabir-houaria/Desktop/Voting_system/Voting-system_front/backend/src/models/userModel.js": {"path":"/home/djabir-houaria/Desktop/Voting_system/Voting-system_front/backend/src/models/userModel.js","statementMap":{"0":{"start":{"line":1,"column":17},"end":{"line":1,"column":40}},"1":{"start":{"line":4,"column":24},"end":{"line":17,"column":1}},"2":{"start":{"line":6,"column":28},"end":{"line":10,"column":17}},"3":{"start":{"line":12,"column":4},"end":{"line":14,"column":5}},"4":{"start":{"line":13,"column":8},"end":{"line":13,"column":20}},"5":{"start":{"line":16,"column":4},"end":{"line":16,"column":16}},"6":{"start":{"line":20,"column":19},"end":{"line":42,"column":1}},"7":{"start":{"line":22,"column":28},"end":{"line":35,"column":17}},"8":{"start":{"line":37,"column":4},"end":{"line":39,"column":5}},"9":{"start":{"line":38,"column":8},"end":{"line":38,"column":20}},"10":{"start":{"line":41,"column":4},"end":{"line":41,"column":16}},"11":{"start":{"line":44,"column":23},"end":{"line":53,"column":1}},"12":{"start":{"line":46,"column":22},"end":{"line":46,"column":66}},"13":{"start":{"line":48,"column":22},"end":{"line":50,"column":75}},"14":{"start":{"line":52,"column":4},"end":{"line":52,"column":27}},"15":{"start":{"line":52,"column":15},"end":{"line":52,"column":27}},"16":{"start":{"line":56,"column":23},"end":{"line":66,"column":1}},"17":{"start":{"line":57,"column":28},"end":{"line":62,"column":17}},"18":{"start":{"line":64,"column":4},"end":{"line":64,"column":27}},"19":{"start":{"line":64,"column":15},"end":{"line":64,"column":27}},"20":{"start":{"line":65,"column":4},"end":{"line":65,"column":16}},"21":{"start":{"line":69,"column":27},"end":{"line":79,"column":1}},"22":{"start":{"line":70,"column":22},"end":{"line":73,"column":25}},"23":{"start":{"line":75,"column":4},"end":{"line":75,"column":27}},"24":{"start":{"line":75,"column":15},"end":{"line":75,"column":27}},"25":{"start":{"line":78,"column":4},"end":{"line":78,"column":74}},"26":{"start":{"line":80,"column":23},"end":{"line":90,"column":1}},"27":{"start":{"line":83,"column":22},"end":{"line":83,"column":66}},"28":{"start":{"line":85,"column":22},"end":{"line":87,"column":58}},"29":{"start":{"line":89,"column":4},"end":{"line":89,"column":27}},"30":{"start":{"line":89,"column":15},"end":{"line":89,"column":27}},"31":{"start":{"line":92,"column":27},"end":{"line":101,"column":1}},"32":{"start":{"line":93,"column":28},"end":{"line":97,"column":17}},"33":{"start":{"line":100,"column":4},"end":{"line":100,"column":31}},"34":{"start":{"line":103,"column":0},"end":{"line":111,"column":2}}},"fnMap":{"0":{"name":"(anonymous_0)","decl":{"start":{"line":4,"column":24},"end":{"line":4,"column":25}},"loc":{"start":{"line":4,"column":41},"end":{"line":17,"column":1}},"line":4},"1":{"name":"(anonymous_1)","decl":{"start":{"line":20,"column":19},"end":{"line":20,"column":20}},"loc":{"start":{"line":20,"column":72},"end":{"line":42,"column":1}},"line":20},"2":{"name":"(anonymous_2)","decl":{"start":{"line":44,"column":23},"end":{"line":44,"column":24}},"loc":{"start":{"line":44,"column":48},"end":{"line":53,"column":1}},"line":44},"3":{"name":"(anonymous_3)","decl":{"start":{"line":56,"column":23},"end":{"line":56,"column":24}},"loc":{"start":{"line":56,"column":40},"end":{"line":66,"column":1}},"line":56},"4":{"name":"(anonymous_4)","decl":{"start":{"line":69,"column":27},"end":{"line":69,"column":28}},"loc":{"start":{"line":69,"column":62},"end":{"line":79,"column":1}},"line":69},"5":{"name":"(anonymous_5)","decl":{"start":{"line":80,"column":23},"end":{"line":80,"column":24}},"loc":{"start":{"line":80,"column":40},"end":{"line":90,"column":1}},"line":80},"6":{"name":"(anonymous_6)","decl":{"start":{"line":92,"column":27},"end":{"line":92,"column":28}},"loc":{"start":{"line":92,"column":44},"end":{"line":101,"column":1}},"line":92}},"branchMap":{"0":{"loc":{"start":{"line":12,"column":4},"end":{"line":14,"column":5}},"type":"if","locations":[{"start":{"line":12,"column":4},"end":{"line":14,"column":5}},{"start":{},"end":{}}],"line":12},"1":{"loc":{"start":{"line":12,"column":8},"end":{"line":12,"column":42}},"type":"binary-expr","locations":[{"start":{"line":12,"column":8},"end":{"line":12,"column":13}},{"start":{"line":12,"column":17},"end":{"line":12,"column":42}}],"line":12},"2":{"loc":{"start":{"line":20,"column":53},"end":{"line":20,"column":67}},"type":"default-arg","locations":[{"start":{"line":20,"column":60},"end":{"line":20,"column":67}}],"line":20},"3":{"loc":{"start":{"line":37,"column":4},"end":{"line":39,"column":5}},"type":"if","locations":[{"start":{"line":37,"column":4},"end":{"line":39,"column":5}},{"start":{},"end":{}}],"line":37},"4":{"loc":{"start":{"line":52,"column":4},"end":{"line":52,"column":27}},"type":"if","locations":[{"start":{"line":52,"column":4},"end":{"line":52,"column":27}},{"start":{},"end":{}}],"line":52},"5":{"loc":{"start":{"line":64,"column":4},"end":{"line":64,"column":27}},"type":"if","locations":[{"start":{"line":64,"column":4},"end":{"line":64,"column":27}},{"start":{},"end":{}}],"line":64},"6":{"loc":{"start":{"line":75,"column":4},"end":{"line":75,"column":27}},"type":"if","locations":[{"start":{"line":75,"column":4},"end":{"line":75,"column":27}},{"start":{},"end":{}}],"line":75},"7":{"loc":{"start":{"line":89,"column":4},"end":{"line":89,"column":27}},"type":"if","locations":[{"start":{"line":89,"column":4},"end":{"line":89,"column":27}},{"start":{},"end":{}}],"line":89},"8":{"loc":{"start":{"line":100,"column":11},"end":{"line":100,"column":30}},"type":"cond-expr","locations":[{"start":{"line":100,"column":18},"end":{"line":100,"column":22}},{"start":{"line":100,"column":25},"end":{"line":100,"column":30}}],"line":100}},"s":{"0":1,"1":1,"2":1,"3":1,"4":0,"5":1,"6":1,"7":1,"8":1,"9":0,"10":1,"11":1,"12":0,"13":0,"14":0,"15":0,"16":1,"17":0,"18":0,"19":0,"20":0,"21":1,"22":0,"23":0,"24":0,"25":0,"26":1,"27":0,"28":0,"29":0,"30":0,"31":1,"32":2,"33":2,"34":1},"f":{"0":1,"1":1,"2":0,"3":0,"4":0,"5":0,"6":2},"b":{"0":[0,1],"1":[1,1],"2":[0],"3":[0,1],"4":[0,0],"5":[0,0],"6":[0,0],"7":[0,0],"8":[0,2]},"_coverageSchema":"1a1c01bbd47fc00a2c39e90264f33305004495a9","hash":"87cefc0b6d927aac09f575dcb77f27b0e868d491"}
,"/home/djabir-houaria/Desktop/Voting_system/Voting-system_front/backend/src/models/voteModel.js": {"path":"/home/djabir-houaria/Desktop/Voting_system/Voting-system_front/backend/src/models/voteModel.js","statementMap":{"0":{"start":{"line":1,"column":17},"end":{"line":1,"column":40}},"1":{"start":{"line":4,"column":21},"end":{"line":14,"column":1}},"2":{"start":{"line":5,"column":28},"end":{"line":10,"column":17}},"3":{"start":{"line":12,"column":4},"end":{"line":12,"column":56}},"4":{"start":{"line":12,"column":44},"end":{"line":12,"column":56}},"5":{"start":{"line":13,"column":4},"end":{"line":13,"column":18}},"6":{"start":{"line":17,"column":19},"end":{"line":27,"column":1}},"7":{"start":{"line":18,"column":28},"end":{"line":23,"column":17}},"8":{"start":{"line":25,"column":4},"end":{"line":25,"column":56}},"9":{"start":{"line":25,"column":44},"end":{"line":25,"column":56}},"10":{"start":{"line":26,"column":4},"end":{"line":26,"column":18}},"11":{"start":{"line":30,"column":17},"end":{"line":45,"column":1}},"12":{"start":{"line":32,"column":28},"end":{"line":36,"column":17}},"13":{"start":{"line":38,"column":4},"end":{"line":38,"column":27}},"14":{"start":{"line":38,"column":15},"end":{"line":38,"column":27}},"15":{"start":{"line":42,"column":4},"end":{"line":42,"column":86}},"16":{"start":{"line":44,"column":4},"end":{"line":44,"column":16}},"17":{"start":{"line":47,"column":0},"end":{"line":51,"column":2}}},"fnMap":{"0":{"name":"(anonymous_0)","decl":{"start":{"line":4,"column":21},"end":{"line":4,"column":22}},"loc":{"start":{"line":4,"column":47},"end":{"line":14,"column":1}},"line":4},"1":{"name":"(anonymous_1)","decl":{"start":{"line":17,"column":19},"end":{"line":17,"column":20}},"loc":{"start":{"line":17,"column":45},"end":{"line":27,"column":1}},"line":17},"2":{"name":"(anonymous_2)","decl":{"start":{"line":30,"column":17},"end":{"line":30,"column":18}},"loc":{"start":{"line":30,"column":37},"end":{"line":45,"column":1}},"line":30}},"branchMap":{"0":{"loc":{"start":{"line":12,"column":4},"end":{"line":12,"column":56}},"type":"if","locations":[{"start":{"line":12,"column":4},"end":{"line":12,"column":56}},{"start":{},"end":{}}],"line":12},"1":{"loc":{"start":{"line":12,"column":8},"end":{"line":12,"column":42}},"type":"binary-expr","locations":[{"start":{"line":12,"column":8},"end":{"line":12,"column":13}},{"start":{"line":12,"column":17},"end":{"line":12,"column":42}}],"line":12},"2":{"loc":{"start":{"line":25,"column":4},"end":{"line":25,"column":56}},"type":"if","locations":[{"start":{"line":25,"column":4},"end":{"line":25,"column":56}},{"start":{},"end":{}}],"line":25},"3":{"loc":{"start":{"line":25,"column":8},"end":{"line":25,"column":42}},"type":"binary-expr","locations":[{"start":{"line":25,"column":8},"end":{"line":25,"column":13}},{"start":{"line":25,"column":17},"end":{"line":25,"column":42}}],"line":25},"4":{"loc":{"start":{"line":38,"column":4},"end":{"line":38,"column":27}},"type":"if","locations":[{"start":{"line":38,"column":4},"end":{"line":38,"column":27}},{"start":{},"end":{}}],"line":38}},"s":{"0":1,"1":1,"2":0,"3":0,"4":0,"5":0,"6":1,"7":1,"8":1,"9":0,"10":1,"11":1,"12":0,"13":0,"14":0,"15":0,"16":0,"17":1},"f":{"0":0,"1":1,"2":0},"b":{"0":[0,0],"1":[0,0],"2":[0,1],"3":[1,1],"4":[0,0]},"_coverageSchema":"1a1c01bbd47fc00a2c39e90264f33305004495a9","hash":"17e32ff3c5e59dfd78124a8ed340eb1c871b576e"}
,"/home/djabir-houaria/Desktop/Voting_system/Voting-system_front/backend/src/routes/authRoutes.js": {"path":"/home/djabir-houaria/Desktop/Voting_system/Voting-system_front/backend/src/routes/authRoutes.js","statementMap":{"0":{"start":{"line":1,"column":16},"end":{"line":1,"column":34}},"1":{"start":{"line":2,"column":15},"end":{"line":2,"column":31}},"2":{"start":{"line":3,"column":23},"end":{"line":3,"column":63}},"3":{"start":{"line":7,"column":25},"end":{"line":7,"column":65}},"4":{"start":{"line":9,"column":0},"end":{"line":9,"column":50}},"5":{"start":{"line":10,"column":0},"end":{"line":10,"column":44}},"6":{"start":{"line":13,"column":0},"end":{"line":13,"column":60}},"7":{"start":{"line":15,"column":0},"end":{"line":15,"column":63}},"8":{"start":{"line":16,"column":0},"end":{"line":16,"column":61}},"9":{"start":{"line":18,"column":0},"end":{"line":18,"column":24}}},"fnMap":{},"branchMap":{},"s":{"0":1,"1":1,"2":1,"3":1,"4":1,"5":1,"6":1,"7":1,"8":1,"9":1},"f":{},"b":{},"_coverageSchema":"1a1c01bbd47fc00a2c39e90264f33305004495a9","hash":"6eacb82abec4d3b574d3680c96a9f0930b2e7dd3"}
,"/home/djabir-houaria/Desktop/Voting_system/Voting-system_front/backend/src/routes/pollRoutes.js": {"path":"/home/djabir-houaria/Desktop/Voting_system/Voting-system_front/backend/src/routes/pollRoutes.js","statementMap":{"0":{"start":{"line":1,"column":16},"end":{"line":1,"column":34}},"1":{"start":{"line":2,"column":15},"end":{"line":2,"column":31}},"2":{"start":{"line":3,"column":23},"end":{"line":3,"column":63}},"3":{"start":{"line":4,"column":23},"end":{"line":4,"column":63}},"4":{"start":{"line":5,"column":50},"end":{"line":5,"column":90}},"5":{"start":{"line":8,"column":0},"end":{"line":8,"column":78}},"6":{"start":{"line":11,"column":0},"end":{"line":11,"column":68}},"7":{"start":{"line":14,"column":0},"end":{"line":14,"column":70}},"8":{"start":{"line":17,"column":0},"end":{"line":17,"column":58}},"9":{"start":{"line":20,"column":0},"end":{"line":20,"column":57}},"10":{"start":{"line":25,"column":0},"end":{"line":25,"column":24}}},"fnMap":{},"branchMap":{},"s":{"0":1,"1":1,"2":1,"3":1,"4":1,"5":1,"6":1,"7":1,"8":1,"9":1,"10":1},"f":{},"b":{},"_coverageSchema":"1a1c01bbd47fc00a2c39e90264f33305004495a9","hash":"3411389101abcfc73c93479570f0e99125384244"}
,"/home/djabir-houaria/Desktop/Voting_system/Voting-system_front/backend/src/utils/emailService.js": {"path":"/home/djabir-houaria/Desktop/Voting_system/Voting-system_front/backend/src/utils/emailService.js","statementMap":{"0":{"start":{"line":1,"column":19},"end":{"line":1,"column":40}},"1":{"start":{"line":2,"column":0},"end":{"line":2,"column":27}},"2":{"start":{"line":4,"column":18},"end":{"line":28,"column":1}},"3":{"start":{"line":5,"column":4},"end":{"line":27,"column":5}},"4":{"start":{"line":6,"column":28},"end":{"line":12,"column":10}},"5":{"start":{"line":14,"column":28},"end":{"line":19,"column":9}},"6":{"start":{"line":21,"column":21},"end":{"line":21,"column":60}},"7":{"start":{"line":22,"column":8},"end":{"line":22,"column":20}},"8":{"start":{"line":25,"column":8},"end":{"line":25,"column":53}},"9":{"start":{"line":26,"column":8},"end":{"line":26,"column":20}},"10":{"start":{"line":30,"column":0},"end":{"line":30,"column":27}}},"fnMap":{"0":{"name":"(anonymous_0)","decl":{"start":{"line":4,"column":18},"end":{"line":4,"column":19}},"loc":{"start":{"line":4,"column":54},"end":{"line":28,"column":1}},"line":4}},"branchMap":{},"s":{"0":1,"1":1,"2":1,"3":0,"4":0,"5":0,"6":0,"7":0,"8":0,"9":0,"10":1},"f":{"0":0},"b":{},"_coverageSchema":"1a1c01bbd47fc00a2c39e90264f33305004495a9","hash":"bce00f25c3f216ffb7fa9f01f5b7a644d8a8cca6"}
,"/home/djabir-houaria/Desktop/Voting_system/Voting-system_front/backend/src/utils/jwtGenerator.js": {"path":"/home/djabir-houaria/Desktop/Voting_system/Voting-system_front/backend/src/utils/jwtGenerator.js","statementMap":{"0":{"start":{"line":1,"column":12},"end":{"line":1,"column":35}},"1":{"start":{"line":2,"column":0},"end":{"line":2,"column":27}},"2":{"start":{"line":4,"column":22},"end":{"line":14,"column":1}},"3":{"start":{"line":5,"column":20},"end":{"line":10,"column":5}},"4":{"start":{"line":13,"column":4},"end":{"line":13,"column":74}},"5":{"start":{"line":16,"column":0},"end":{"line":16,"column":31}}},"fnMap":{"0":{"name":"(anonymous_0)","decl":{"start":{"line":4,"column":22},"end":{"line":4,"column":23}},"loc":{"start":{"line":4,"column":41},"end":{"line":14,"column":1}},"line":4}},"branchMap":{},"s":{"0":1,"1":1,"2":1,"3":1,"4":1,"5":1},"f":{"0":1},"b":{},"_coverageSchema":"1a1c01bbd47fc00a2c39e90264f33305004495a9","hash":"1cced13916b700f926bc65ee75cfaa92bd806547"}
}
