TN:
SF:src/app.js
FN:28,(anonymous_0)
FNF:1
FNH:0
FNDA:0,(anonymous_0)
DA:1,6
DA:2,6
DA:3,6
DA:4,6
DA:7,6
DA:8,6
DA:10,6
DA:13,6
DA:19,6
DA:20,6
DA:21,6
DA:22,6
DA:25,6
DA:26,6
DA:28,6
DA:29,0
DA:32,6
LF:17
LH:16
BRF:0
BRH:0
end_of_record
TN:
SF:src/config/db.js
FNF:0
FNH:0
DA:1,6
DA:2,6
DA:4,6
DA:5,6
DA:7,6
DA:9,6
DA:11,6
LF:7
LH:7
BRF:0
BRH:0
end_of_record
TN:
SF:src/controllers/authController.js
FN:8,(anonymous_0)
FN:34,(anonymous_1)
FN:54,(anonymous_2)
FN:68,(anonymous_3)
FN:109,(anonymous_4)
FNF:5
FNH:4
FNDA:10,(anonymous_0)
FNDA:1,(anonymous_1)
FNDA:1,(anonymous_2)
FNDA:1,(anonymous_3)
FNDA:0,(anonymous_4)
DA:1,6
DA:2,6
DA:3,6
DA:4,6
DA:5,6
DA:8,6
DA:9,10
DA:10,10
DA:11,10
DA:12,0
DA:14,10
DA:15,10
DA:16,0
DA:18,10
DA:19,10
DA:22,10
DA:23,10
DA:25,10
DA:26,10
DA:28,0
DA:29,0
DA:34,6
DA:35,1
DA:36,1
DA:37,1
DA:38,1
DA:39,0
DA:41,1
DA:42,1
DA:43,0
DA:45,1
DA:46,1
DA:48,0
DA:49,0
DA:54,6
DA:55,1
DA:56,1
DA:57,1
DA:59,1
DA:60,1
DA:62,0
DA:63,0
DA:68,6
DA:69,1
DA:70,1
DA:73,1
DA:74,1
DA:77,1
DA:78,1
DA:82,1
DA:84,1
DA:85,1
DA:97,1
DA:99,1
DA:100,1
DA:103,0
DA:104,0
DA:109,6
DA:110,0
DA:111,0
DA:112,0
DA:113,0
DA:115,0
DA:116,0
DA:117,0
DA:119,0
DA:121,0
DA:122,0
DA:127,6
LF:69
LH:47
BRDA:11,0,0,0
BRDA:11,0,1,10
BRDA:11,1,0,10
BRDA:11,1,1,10
BRDA:11,1,2,10
BRDA:15,2,0,0
BRDA:15,2,1,10
BRDA:22,3,0,7
BRDA:22,3,1,3
BRDA:38,4,0,0
BRDA:38,4,1,1
BRDA:42,5,0,0
BRDA:42,5,1,1
BRDA:57,6,0,0
BRDA:57,6,1,1
BRDA:74,7,0,0
BRDA:74,7,1,1
BRDA:113,8,0,0
BRDA:113,8,1,0
BRF:19
BRH:11
end_of_record
TN:
SF:src/controllers/pollController.js
FN:13,(anonymous_0)
FN:76,(anonymous_1)
FN:112,(anonymous_2)
FN:153,(anonymous_3)
FN:173,(anonymous_4)
FN:194,(anonymous_5)
FN:250,(anonymous_6)
FNF:7
FNH:6
FNDA:12,(anonymous_0)
FNDA:22,(anonymous_1)
FNDA:13,(anonymous_2)
FNDA:8,(anonymous_3)
FNDA:3,(anonymous_4)
FNDA:4,(anonymous_5)
FNDA:0,(anonymous_6)
DA:1,6
DA:2,6
DA:3,6
DA:4,6
DA:5,6
DA:8,6
DA:13,6
DA:14,12
DA:25,12
DA:27,12
DA:30,12
DA:31,1
DA:33,11
DA:34,0
DA:37,11
DA:38,11
DA:39,0
DA:40,0
DA:42,0
DA:49,11
DA:51,11
DA:56,11
DA:73,11
DA:76,22
DA:81,11
DA:83,11
DA:84,0
DA:85,0
DA:86,0
DA:87,0
DA:89,0
DA:90,0
DA:94,11
DA:104,0
DA:105,0
DA:112,6
DA:113,13
DA:114,13
DA:116,13
DA:117,13
DA:119,12
DA:120,12
DA:122,12
DA:123,12
DA:124,0
DA:126,0
DA:127,0
DA:128,0
DA:132,12
DA:133,12
DA:134,4
DA:136,8
DA:137,8
DA:138,8
DA:141,12
DA:142,12
DA:143,1
DA:144,11
DA:145,6
DA:146,5
DA:147,2
DA:148,3
DA:149,3
DA:152,12
DA:153,4
DA:154,8
DA:155,8
DA:159,12
DA:165,0
DA:166,0
DA:173,6
DA:174,3
DA:175,3
DA:176,3
DA:178,3
DA:180,3
DA:186,0
DA:187,0
DA:194,6
DA:195,4
DA:196,4
DA:198,4
DA:199,4
DA:201,4
DA:202,4
DA:204,4
DA:205,1
DA:208,3
DA:209,1
DA:212,2
DA:213,2
DA:215,2
DA:221,2
DA:222,2
DA:223,2
DA:224,2
DA:227,2
DA:228,2
DA:230,2
DA:231,2
DA:232,2
DA:234,2
DA:236,2
DA:242,0
DA:243,0
DA:250,6
DA:251,0
DA:252,0
DA:253,0
DA:255,0
DA:256,0
DA:258,0
DA:259,0
DA:262,0
DA:264,0
DA:270,0
DA:271,0
DA:275,6
LF:118
LH:85
BRDA:30,0,0,1
BRDA:30,0,1,11
BRDA:30,1,0,12
BRDA:30,1,1,11
BRDA:33,2,0,0
BRDA:33,2,1,11
BRDA:33,3,0,11
BRDA:33,3,1,11
BRDA:33,3,2,11
BRDA:37,4,0,11
BRDA:37,4,1,8
BRDA:38,5,0,0
BRDA:38,5,1,11
BRDA:39,6,0,0
BRDA:39,6,1,0
BRDA:49,7,0,0
BRDA:49,7,1,11
BRDA:52,8,0,11
BRDA:52,8,1,9
BRDA:61,9,0,11
BRDA:61,9,1,9
BRDA:63,10,0,11
BRDA:63,10,1,11
BRDA:68,11,0,11
BRDA:68,11,1,10
BRDA:69,12,0,11
BRDA:69,12,1,10
BRDA:83,13,0,0
BRDA:83,13,1,11
BRDA:83,14,0,11
BRDA:83,14,1,0
BRDA:83,14,2,0
BRDA:87,15,0,0
BRDA:87,15,1,0
BRDA:89,16,0,0
BRDA:89,16,1,0
BRDA:117,17,0,1
BRDA:117,17,1,12
BRDA:119,18,0,4
BRDA:119,18,1,8
BRDA:122,19,0,12
BRDA:122,19,1,0
BRDA:123,20,0,0
BRDA:123,20,1,12
BRDA:124,21,0,0
BRDA:124,21,1,0
BRDA:126,22,0,0
BRDA:126,22,1,0
BRDA:128,23,0,0
BRDA:128,23,1,0
BRDA:133,24,0,4
BRDA:133,24,1,8
BRDA:137,25,0,8
BRDA:137,25,1,0
BRDA:142,26,0,1
BRDA:142,26,1,11
BRDA:144,27,0,6
BRDA:144,27,1,5
BRDA:146,28,0,2
BRDA:146,28,1,3
BRDA:148,29,0,3
BRDA:148,29,1,0
BRDA:152,30,0,4
BRDA:152,30,1,8
BRDA:202,31,0,0
BRDA:202,31,1,4
BRDA:204,32,0,1
BRDA:204,32,1,3
BRDA:208,33,0,1
BRDA:208,33,1,2
BRDA:212,34,0,2
BRDA:212,34,1,0
BRDA:213,35,0,2
BRDA:213,35,1,2
BRDA:217,36,0,2
BRDA:217,36,1,1
BRDA:222,37,0,1
BRDA:222,37,1,1
BRDA:223,38,0,0
BRDA:223,38,1,2
BRDA:227,39,0,0
BRDA:227,39,1,2
BRDA:228,40,0,0
BRDA:228,40,1,2
BRDA:230,41,0,0
BRDA:230,41,1,2
BRDA:231,42,0,0
BRDA:231,42,1,2
BRDA:232,43,0,1
BRDA:232,43,1,1
BRDA:256,44,0,0
BRDA:256,44,1,0
BRDA:258,45,0,0
BRDA:258,45,1,0
BRF:94
BRH:61
end_of_record
TN:
SF:src/controllers/voteController.js
FN:6,(anonymous_0)
FN:25,(anonymous_1)
FNF:2
FNH:2
FNDA:11,(anonymous_0)
FNDA:11,(anonymous_1)
DA:1,6
DA:2,6
DA:3,6
DA:4,6
DA:6,6
DA:7,11
DA:8,11
DA:9,11
DA:12,11
DA:13,1
DA:17,10
DA:19,10
DA:20,1
DA:25,11
DA:27,9
DA:28,1
DA:33,8
DA:34,1
DA:38,7
DA:39,7
DA:40,7
DA:43,7
DA:45,7
DA:46,5
DA:48,2
DA:51,7
DA:52,2
DA:56,5
DA:59,5
DA:66,5
DA:68,5
DA:71,0
DA:72,0
DA:74,0
DA:75,0
DA:79,6
LF:36
LH:32
BRDA:12,0,0,1
BRDA:12,0,1,10
BRDA:19,1,0,1
BRDA:19,1,1,9
BRDA:27,2,0,1
BRDA:27,2,1,8
BRDA:33,3,0,1
BRDA:33,3,1,7
BRDA:38,4,0,5
BRDA:38,4,1,2
BRDA:40,5,0,7
BRDA:40,5,1,0
BRDA:45,6,0,5
BRDA:45,6,1,2
BRDA:51,7,0,2
BRDA:51,7,1,5
BRDA:56,8,0,1
BRDA:56,8,1,4
BRDA:71,9,0,0
BRDA:71,9,1,0
BRF:20
BRH:17
end_of_record
TN:
SF:src/middlewares/authMiddleware.js
FN:6,(anonymous_0)
FN:13,(anonymous_1)
FN:46,(anonymous_2)
FN:47,(anonymous_3)
FN:65,(anonymous_4)
FNF:5
FNH:5
FNDA:31,(anonymous_0)
FNDA:22,(anonymous_1)
FNDA:6,(anonymous_2)
FNDA:12,(anonymous_3)
FNDA:24,(anonymous_4)
DA:1,6
DA:2,6
DA:3,6
DA:6,6
DA:7,31
DA:13,6
DA:14,22
DA:16,22
DA:18,22
DA:19,1
DA:22,21
DA:25,21
DA:26,21
DA:27,1
DA:31,20
DA:34,20
DA:35,20
DA:37,20
DA:39,0
DA:46,6
DA:47,6
DA:49,12
DA:50,0
DA:54,12
DA:55,0
DA:58,12
DA:65,6
DA:66,24
DA:67,24
DA:69,24
DA:70,11
DA:73,11
DA:75,11
DA:76,11
DA:77,11
DA:80,24
DA:83,0
DA:87,6
LF:38
LH:34
BRDA:18,0,0,1
BRDA:18,0,1,21
BRDA:18,1,0,22
BRDA:18,1,1,21
BRDA:26,2,0,1
BRDA:26,2,1,20
BRDA:49,3,0,0
BRDA:49,3,1,12
BRDA:54,4,0,0
BRDA:54,4,1,12
BRDA:69,5,0,11
BRDA:69,5,1,13
BRDA:69,6,0,24
BRDA:69,6,1,11
BRDA:75,7,0,11
BRDA:75,7,1,0
BRF:16
BRH:13
end_of_record
TN:
SF:src/models/pollModel.js
FN:4,(anonymous_0)
FN:16,(anonymous_1)
FN:27,(anonymous_2)
FN:44,(anonymous_3)
FN:47,(anonymous_4)
FN:58,(anonymous_5)
FN:70,(anonymous_6)
FN:88,(anonymous_7)
FN:101,(anonymous_8)
FNF:9
FNH:5
FNDA:11,(anonymous_0)
FNDA:11,(anonymous_1)
FNDA:27,(anonymous_2)
FNDA:0,(anonymous_3)
FNDA:0,(anonymous_4)
FNDA:0,(anonymous_5)
FNDA:3,(anonymous_6)
FNDA:2,(anonymous_7)
FNDA:0,(anonymous_8)
DA:1,6
DA:4,6
DA:5,11
DA:11,11
DA:12,11
DA:16,6
DA:17,11
DA:22,11
DA:23,11
DA:27,6
DA:28,27
DA:34,27
DA:35,2
DA:36,0
DA:38,25
DA:44,6
DA:45,0
DA:47,0
DA:53,0
DA:54,0
DA:58,6
DA:59,0
DA:67,0
DA:70,6
DA:71,3
DA:78,3
DA:79,2
DA:82,3
DA:84,3
DA:85,3
DA:88,6
DA:89,2
DA:96,2
DA:97,2
DA:101,6
DA:102,0
DA:107,0
DA:108,0
DA:111,6
LF:39
LH:29
BRDA:11,0,0,0
BRDA:11,0,1,11
BRDA:22,1,0,0
BRDA:22,1,1,11
BRDA:34,2,0,2
BRDA:34,2,1,25
BRDA:35,3,0,2
BRDA:35,3,1,0
BRDA:45,4,0,0
BRDA:45,4,1,0
BRDA:45,5,0,0
BRDA:45,5,1,0
BRDA:54,6,0,0
BRDA:54,6,1,0
BRDA:70,7,0,1
BRDA:78,8,0,2
BRDA:78,8,1,1
BRDA:84,9,0,0
BRDA:84,9,1,3
BRDA:96,10,0,0
BRDA:96,10,1,2
BRDA:107,11,0,0
BRDA:107,11,1,0
BRF:23
BRH:10
end_of_record
TN:
SF:src/models/userModel.js
FN:4,(anonymous_0)
FN:20,(anonymous_1)
FN:44,(anonymous_2)
FN:56,(anonymous_3)
FN:69,(anonymous_4)
FN:80,(anonymous_5)
FN:92,(anonymous_6)
FNF:7
FNH:5
FNDA:12,(anonymous_0)
FNDA:10,(anonymous_1)
FNDA:1,(anonymous_2)
FNDA:0,(anonymous_3)
FNDA:0,(anonymous_4)
FNDA:1,(anonymous_5)
FNDA:32,(anonymous_6)
DA:1,6
DA:4,6
DA:6,12
DA:12,12
DA:13,0
DA:16,12
DA:20,6
DA:22,10
DA:37,10
DA:38,0
DA:41,10
DA:44,6
DA:46,1
DA:48,1
DA:52,1
DA:56,6
DA:57,0
DA:64,0
DA:65,0
DA:69,6
DA:70,0
DA:75,0
DA:78,0
DA:80,6
DA:83,1
DA:85,1
DA:89,1
DA:92,6
DA:93,32
DA:100,32
DA:103,6
LF:31
LH:23
BRDA:12,0,0,0
BRDA:12,0,1,12
BRDA:12,1,0,12
BRDA:12,1,1,10
BRDA:20,2,0,0
BRDA:37,3,0,0
BRDA:37,3,1,10
BRDA:52,4,0,0
BRDA:52,4,1,1
BRDA:64,5,0,0
BRDA:64,5,1,0
BRDA:75,6,0,0
BRDA:75,6,1,0
BRDA:89,7,0,0
BRDA:89,7,1,1
BRDA:100,8,0,1
BRDA:100,8,1,31
BRF:17
BRH:8
end_of_record
TN:
SF:src/models/voteModel.js
FN:4,(anonymous_0)
FN:17,(anonymous_1)
FN:30,(anonymous_2)
FNF:3
FNH:3
FNDA:9,(anonymous_0)
FNDA:10,(anonymous_1)
FNDA:5,(anonymous_2)
DA:1,6
DA:4,6
DA:5,9
DA:12,9
DA:13,9
DA:17,6
DA:18,10
DA:25,10
DA:26,10
DA:30,6
DA:32,5
DA:38,5
DA:42,5
DA:44,5
DA:47,6
LF:15
LH:15
BRDA:12,0,0,0
BRDA:12,0,1,9
BRDA:12,1,0,9
BRDA:12,1,1,6
BRDA:25,2,0,0
BRDA:25,2,1,10
BRDA:25,3,0,10
BRDA:25,3,1,8
BRDA:38,4,0,0
BRDA:38,4,1,5
BRF:10
BRH:7
end_of_record
TN:
SF:src/routes/authRoutes.js
FNF:0
FNH:0
DA:1,6
DA:2,6
DA:3,6
DA:7,6
DA:9,6
DA:10,6
DA:13,6
DA:15,6
DA:16,6
DA:18,6
LF:10
LH:10
BRF:0
BRH:0
end_of_record
TN:
SF:src/routes/pollRoutes.js
FNF:0
FNH:0
DA:1,6
DA:2,6
DA:3,6
DA:4,6
DA:5,6
DA:8,6
DA:11,6
DA:14,6
DA:17,6
DA:20,6
DA:23,6
DA:28,6
LF:12
LH:12
BRF:0
BRH:0
end_of_record
TN:
SF:src/utils/emailService.js
FN:4,(anonymous_0)
FNF:1
FNH:1
FNDA:1,(anonymous_0)
DA:1,6
DA:2,6
DA:4,6
DA:5,1
DA:6,1
DA:14,1
DA:21,1
DA:22,1
DA:25,0
DA:26,0
DA:30,6
LF:11
LH:9
BRF:0
BRH:0
end_of_record
TN:
SF:src/utils/jwtGenerator.js
FN:4,(anonymous_0)
FNF:1
FNH:1
FNDA:11,(anonymous_0)
DA:1,6
DA:2,6
DA:4,6
DA:5,11
DA:13,11
DA:16,6
LF:6
LH:6
BRF:0
BRH:0
end_of_record
