TN:
SF:src/app.js
FN:22,(anonymous_0)
FNF:1
FNH:0
FNDA:0,(anonymous_0)
DA:1,6
DA:2,6
DA:3,6
DA:4,6
DA:7,6
DA:8,6
DA:10,6
DA:13,6
DA:14,6
DA:15,6
DA:16,6
DA:19,6
DA:20,6
DA:22,6
DA:23,0
DA:26,6
LF:16
LH:15
BRF:0
BRH:0
end_of_record
TN:
SF:src/config/db.js
FNF:0
FNH:0
DA:1,6
DA:2,6
DA:4,6
DA:5,6
DA:7,6
DA:9,6
DA:11,6
LF:7
LH:7
BRF:0
BRH:0
end_of_record
TN:
SF:src/controllers/authController.js
FN:8,(anonymous_0)
FN:34,(anonymous_1)
FN:54,(anonymous_2)
FN:68,(anonymous_3)
FN:109,(anonymous_4)
FNF:5
FNH:4
FNDA:10,(anonymous_0)
FNDA:1,(anonymous_1)
FNDA:1,(anonymous_2)
FNDA:1,(anonymous_3)
FNDA:0,(anonymous_4)
DA:1,6
DA:2,6
DA:3,6
DA:4,6
DA:5,6
DA:8,6
DA:9,10
DA:10,10
DA:11,10
DA:12,0
DA:14,10
DA:15,10
DA:16,0
DA:18,10
DA:19,10
DA:22,10
DA:23,10
DA:25,10
DA:26,10
DA:28,0
DA:29,0
DA:34,6
DA:35,1
DA:36,1
DA:37,1
DA:38,1
DA:39,0
DA:41,1
DA:42,1
DA:43,0
DA:45,1
DA:46,1
DA:48,0
DA:49,0
DA:54,6
DA:55,1
DA:56,1
DA:57,1
DA:59,1
DA:60,1
DA:62,0
DA:63,0
DA:68,6
DA:69,1
DA:70,1
DA:73,1
DA:74,1
DA:77,1
DA:78,1
DA:82,1
DA:84,1
DA:85,1
DA:97,1
DA:99,1
DA:100,1
DA:103,0
DA:104,0
DA:109,6
DA:110,0
DA:111,0
DA:112,0
DA:113,0
DA:115,0
DA:116,0
DA:117,0
DA:119,0
DA:121,0
DA:122,0
DA:127,6
LF:69
LH:47
BRDA:11,0,0,0
BRDA:11,0,1,10
BRDA:11,1,0,10
BRDA:11,1,1,10
BRDA:11,1,2,10
BRDA:15,2,0,0
BRDA:15,2,1,10
BRDA:22,3,0,7
BRDA:22,3,1,3
BRDA:38,4,0,0
BRDA:38,4,1,1
BRDA:42,5,0,0
BRDA:42,5,1,1
BRDA:57,6,0,0
BRDA:57,6,1,1
BRDA:74,7,0,0
BRDA:74,7,1,1
BRDA:113,8,0,0
BRDA:113,8,1,0
BRF:19
BRH:11
end_of_record
TN:
SF:src/controllers/pollController.js
FN:13,(anonymous_0)
FN:59,(anonymous_1)
FN:95,(anonymous_2)
FN:146,(anonymous_3)
FN:165,(anonymous_4)
FN:185,(anonymous_5)
FNF:6
FNH:6
FNDA:13,(anonymous_0)
FNDA:24,(anonymous_1)
FNDA:13,(anonymous_2)
FNDA:8,(anonymous_3)
FNDA:3,(anonymous_4)
FNDA:4,(anonymous_5)
DA:1,6
DA:2,6
DA:3,6
DA:4,6
DA:5,6
DA:8,6
DA:13,6
DA:14,13
DA:15,13
DA:16,13
DA:19,13
DA:20,1
DA:22,12
DA:23,1
DA:26,11
DA:27,11
DA:28,0
DA:29,0
DA:31,0
DA:38,11
DA:40,11
DA:45,11
DA:57,11
DA:59,24
DA:64,11
DA:66,11
DA:67,0
DA:68,0
DA:69,0
DA:70,0
DA:72,0
DA:73,0
DA:77,11
DA:87,0
DA:88,0
DA:95,6
DA:96,13
DA:97,13
DA:100,13
DA:101,13
DA:104,12
DA:105,12
DA:108,12
DA:109,12
DA:110,0
DA:112,0
DA:113,0
DA:114,0
DA:119,12
DA:121,12
DA:123,4
DA:126,8
DA:127,8
DA:128,8
DA:132,12
DA:134,12
DA:135,1
DA:136,11
DA:137,6
DA:138,5
DA:139,2
DA:140,3
DA:141,3
DA:145,12
DA:146,4
DA:147,8
DA:148,8
DA:152,12
DA:158,0
DA:159,0
DA:165,6
DA:166,3
DA:167,3
DA:168,3
DA:170,3
DA:172,3
DA:178,0
DA:179,0
DA:185,6
DA:186,4
DA:187,4
DA:188,4
DA:189,4
DA:192,4
DA:193,4
DA:196,4
DA:197,1
DA:201,3
DA:202,1
DA:207,2
DA:210,2
DA:212,2
DA:218,2
DA:219,2
DA:220,2
DA:221,2
DA:224,2
DA:225,2
DA:228,2
DA:231,2
DA:233,2
DA:239,0
DA:240,0
DA:244,6
LF:104
LH:83
BRDA:19,0,0,1
BRDA:19,0,1,12
BRDA:19,1,0,13
BRDA:19,1,1,12
BRDA:22,2,0,1
BRDA:22,2,1,11
BRDA:22,3,0,12
BRDA:22,3,1,12
BRDA:22,3,2,12
BRDA:26,4,0,11
BRDA:26,4,1,8
BRDA:27,5,0,0
BRDA:27,5,1,11
BRDA:28,6,0,0
BRDA:28,6,1,0
BRDA:38,7,0,0
BRDA:38,7,1,11
BRDA:41,8,0,11
BRDA:41,8,1,9
BRDA:50,9,0,11
BRDA:50,9,1,9
BRDA:52,10,0,11
BRDA:52,10,1,11
BRDA:66,11,0,0
BRDA:66,11,1,11
BRDA:66,12,0,11
BRDA:66,12,1,0
BRDA:66,12,2,0
BRDA:70,13,0,0
BRDA:70,13,1,0
BRDA:72,14,0,0
BRDA:72,14,1,0
BRDA:101,15,0,1
BRDA:101,15,1,12
BRDA:104,16,0,4
BRDA:104,16,1,8
BRDA:108,17,0,12
BRDA:108,17,1,0
BRDA:109,18,0,0
BRDA:109,18,1,12
BRDA:110,19,0,0
BRDA:110,19,1,0
BRDA:112,20,0,0
BRDA:112,20,1,0
BRDA:114,21,0,0
BRDA:114,21,1,0
BRDA:121,22,0,4
BRDA:121,22,1,8
BRDA:127,23,0,8
BRDA:127,23,1,0
BRDA:134,24,0,1
BRDA:134,24,1,11
BRDA:136,25,0,6
BRDA:136,25,1,5
BRDA:138,26,0,2
BRDA:138,26,1,3
BRDA:140,27,0,3
BRDA:140,27,1,0
BRDA:145,28,0,4
BRDA:145,28,1,8
BRDA:193,29,0,0
BRDA:193,29,1,4
BRDA:196,30,0,1
BRDA:196,30,1,3
BRDA:201,31,0,1
BRDA:201,31,1,2
BRDA:207,32,0,2
BRDA:207,32,1,0
BRDA:210,33,0,2
BRDA:210,33,1,2
BRDA:214,34,0,2
BRDA:214,34,1,1
BRDA:219,35,0,1
BRDA:219,35,1,1
BRDA:220,36,0,0
BRDA:220,36,1,2
BRDA:224,37,0,0
BRDA:224,37,1,2
BRDA:225,38,0,0
BRDA:225,38,1,2
BRDA:228,39,0,1
BRDA:228,39,1,1
BRF:82
BRH:56
end_of_record
TN:
SF:src/controllers/voteController.js
FN:6,(anonymous_0)
FN:25,(anonymous_1)
FNF:2
FNH:2
FNDA:11,(anonymous_0)
FNDA:11,(anonymous_1)
DA:1,6
DA:2,6
DA:3,6
DA:4,6
DA:6,6
DA:7,11
DA:8,11
DA:9,11
DA:12,11
DA:13,1
DA:17,10
DA:19,10
DA:20,1
DA:25,11
DA:27,9
DA:28,1
DA:33,8
DA:34,1
DA:38,7
DA:39,7
DA:40,7
DA:43,7
DA:45,7
DA:46,5
DA:48,2
DA:51,7
DA:52,2
DA:56,5
DA:59,5
DA:66,5
DA:68,5
DA:71,0
DA:72,0
DA:74,0
DA:75,0
DA:79,6
LF:36
LH:32
BRDA:12,0,0,1
BRDA:12,0,1,10
BRDA:19,1,0,1
BRDA:19,1,1,9
BRDA:27,2,0,1
BRDA:27,2,1,8
BRDA:33,3,0,1
BRDA:33,3,1,7
BRDA:38,4,0,5
BRDA:38,4,1,2
BRDA:40,5,0,7
BRDA:40,5,1,0
BRDA:45,6,0,5
BRDA:45,6,1,2
BRDA:51,7,0,2
BRDA:51,7,1,5
BRDA:56,8,0,1
BRDA:56,8,1,4
BRDA:71,9,0,0
BRDA:71,9,1,0
BRF:20
BRH:17
end_of_record
TN:
SF:src/middlewares/authMiddleware.js
FN:6,(anonymous_0)
FN:13,(anonymous_1)
FN:46,(anonymous_2)
FN:47,(anonymous_3)
FN:65,(anonymous_4)
FNF:5
FNH:5
FNDA:32,(anonymous_0)
FNDA:23,(anonymous_1)
FNDA:6,(anonymous_2)
FNDA:13,(anonymous_3)
FNDA:24,(anonymous_4)
DA:1,6
DA:2,6
DA:3,6
DA:6,6
DA:7,32
DA:13,6
DA:14,23
DA:16,23
DA:18,23
DA:19,1
DA:22,22
DA:25,22
DA:26,22
DA:27,1
DA:31,21
DA:34,21
DA:35,21
DA:37,21
DA:39,0
DA:46,6
DA:47,6
DA:49,13
DA:50,0
DA:54,13
DA:55,0
DA:58,13
DA:65,6
DA:66,24
DA:67,24
DA:69,24
DA:70,11
DA:73,11
DA:75,11
DA:76,11
DA:77,11
DA:80,24
DA:83,0
DA:87,6
LF:38
LH:34
BRDA:18,0,0,1
BRDA:18,0,1,22
BRDA:18,1,0,23
BRDA:18,1,1,22
BRDA:26,2,0,1
BRDA:26,2,1,21
BRDA:49,3,0,0
BRDA:49,3,1,13
BRDA:54,4,0,0
BRDA:54,4,1,13
BRDA:69,5,0,11
BRDA:69,5,1,13
BRDA:69,6,0,24
BRDA:69,6,1,11
BRDA:75,7,0,11
BRDA:75,7,1,0
BRF:16
BRH:13
end_of_record
TN:
SF:src/models/pollModel.js
FN:4,(anonymous_0)
FN:16,(anonymous_1)
FN:27,(anonymous_2)
FN:44,(anonymous_3)
FN:47,(anonymous_4)
FN:58,(anonymous_5)
FN:70,(anonymous_6)
FN:88,(anonymous_7)
FNF:8
FNH:5
FNDA:11,(anonymous_0)
FNDA:11,(anonymous_1)
FNDA:27,(anonymous_2)
FNDA:0,(anonymous_3)
FNDA:0,(anonymous_4)
FNDA:0,(anonymous_5)
FNDA:3,(anonymous_6)
FNDA:2,(anonymous_7)
DA:1,6
DA:4,6
DA:5,11
DA:11,11
DA:12,11
DA:16,6
DA:17,11
DA:22,11
DA:23,11
DA:27,6
DA:28,27
DA:34,27
DA:35,2
DA:36,0
DA:38,25
DA:44,6
DA:45,0
DA:47,0
DA:53,0
DA:54,0
DA:58,6
DA:59,0
DA:67,0
DA:70,6
DA:71,3
DA:78,3
DA:79,2
DA:82,3
DA:84,3
DA:85,3
DA:88,6
DA:89,2
DA:96,2
DA:97,2
DA:100,6
LF:35
LH:28
BRDA:11,0,0,0
BRDA:11,0,1,11
BRDA:22,1,0,0
BRDA:22,1,1,11
BRDA:34,2,0,2
BRDA:34,2,1,25
BRDA:35,3,0,2
BRDA:35,3,1,0
BRDA:45,4,0,0
BRDA:45,4,1,0
BRDA:45,5,0,0
BRDA:45,5,1,0
BRDA:54,6,0,0
BRDA:54,6,1,0
BRDA:70,7,0,1
BRDA:78,8,0,2
BRDA:78,8,1,1
BRDA:84,9,0,0
BRDA:84,9,1,3
BRDA:96,10,0,0
BRDA:96,10,1,2
BRF:21
BRH:10
end_of_record
TN:
SF:src/models/userModel.js
FN:4,(anonymous_0)
FN:20,(anonymous_1)
FN:44,(anonymous_2)
FN:56,(anonymous_3)
FN:69,(anonymous_4)
FN:80,(anonymous_5)
FN:92,(anonymous_6)
FNF:7
FNH:5
FNDA:12,(anonymous_0)
FNDA:10,(anonymous_1)
FNDA:1,(anonymous_2)
FNDA:0,(anonymous_3)
FNDA:0,(anonymous_4)
FNDA:1,(anonymous_5)
FNDA:33,(anonymous_6)
DA:1,6
DA:4,6
DA:6,12
DA:12,12
DA:13,0
DA:16,12
DA:20,6
DA:22,10
DA:37,10
DA:38,0
DA:41,10
DA:44,6
DA:46,1
DA:48,1
DA:52,1
DA:56,6
DA:57,0
DA:64,0
DA:65,0
DA:69,6
DA:70,0
DA:75,0
DA:78,0
DA:80,6
DA:83,1
DA:85,1
DA:89,1
DA:92,6
DA:93,33
DA:100,33
DA:103,6
LF:31
LH:23
BRDA:12,0,0,0
BRDA:12,0,1,12
BRDA:12,1,0,12
BRDA:12,1,1,10
BRDA:20,2,0,0
BRDA:37,3,0,0
BRDA:37,3,1,10
BRDA:52,4,0,0
BRDA:52,4,1,1
BRDA:64,5,0,0
BRDA:64,5,1,0
BRDA:75,6,0,0
BRDA:75,6,1,0
BRDA:89,7,0,0
BRDA:89,7,1,1
BRDA:100,8,0,1
BRDA:100,8,1,32
BRF:17
BRH:8
end_of_record
TN:
SF:src/models/voteModel.js
FN:4,(anonymous_0)
FN:17,(anonymous_1)
FN:30,(anonymous_2)
FNF:3
FNH:3
FNDA:9,(anonymous_0)
FNDA:10,(anonymous_1)
FNDA:5,(anonymous_2)
DA:1,6
DA:4,6
DA:5,9
DA:12,9
DA:13,9
DA:17,6
DA:18,10
DA:25,10
DA:26,10
DA:30,6
DA:32,5
DA:38,5
DA:42,5
DA:44,5
DA:47,6
LF:15
LH:15
BRDA:12,0,0,0
BRDA:12,0,1,9
BRDA:12,1,0,9
BRDA:12,1,1,6
BRDA:25,2,0,0
BRDA:25,2,1,10
BRDA:25,3,0,10
BRDA:25,3,1,8
BRDA:38,4,0,0
BRDA:38,4,1,5
BRF:10
BRH:7
end_of_record
TN:
SF:src/routes/authRoutes.js
FNF:0
FNH:0
DA:1,6
DA:2,6
DA:3,6
DA:7,6
DA:9,6
DA:10,6
DA:13,6
DA:15,6
DA:16,6
DA:18,6
LF:10
LH:10
BRF:0
BRH:0
end_of_record
TN:
SF:src/routes/pollRoutes.js
FNF:0
FNH:0
DA:1,6
DA:2,6
DA:3,6
DA:4,6
DA:5,6
DA:8,6
DA:11,6
DA:14,6
DA:17,6
DA:20,6
DA:25,6
LF:11
LH:11
BRF:0
BRH:0
end_of_record
TN:
SF:src/utils/emailService.js
FN:4,(anonymous_0)
FNF:1
FNH:1
FNDA:1,(anonymous_0)
DA:1,6
DA:2,6
DA:4,6
DA:5,1
DA:6,1
DA:14,1
DA:21,1
DA:22,1
DA:25,0
DA:26,0
DA:30,6
LF:11
LH:9
BRF:0
BRH:0
end_of_record
TN:
SF:src/utils/jwtGenerator.js
FN:4,(anonymous_0)
FNF:1
FNH:1
FNDA:11,(anonymous_0)
DA:1,6
DA:2,6
DA:4,6
DA:5,11
DA:13,11
DA:16,6
LF:6
LH:6
BRF:0
BRH:0
end_of_record
